2023-05-22 11:00:18,148 - INFO - [2023-05-22 11:00:06] 프로그램이 실행 중 입니다.
2023-05-22 12:00:13,100 - INFO - [2023-05-22 12:00:02] 프로그램이 실행 중 입니다.
2023-05-22 13:00:12,256 - INFO - [2023-05-22 13:00:01] 프로그램이 실행 중 입니다.
2023-05-22 13:45:10,611 - ERROR - [Errno 2] No such file or directory: 'title_list.txt'
2023-05-22 13:45:10,613 - ERROR - Traceback (most recent call last):
  File "C:\monitoring\monitoring.py", line 120, in ann_alarm
    title_df = pd.read_csv('title_list.txt')
  File "C:\Users\csw\AppData\Local\Programs\Python\Python310\lib\site-packages\pandas\io\parsers\readers.py", line 912, in read_csv
    return _read(filepath_or_buffer, kwds)
  File "C:\Users\csw\AppData\Local\Programs\Python\Python310\lib\site-packages\pandas\io\parsers\readers.py", line 577, in _read
    parser = TextFileReader(filepath_or_buffer, **kwds)
  File "C:\Users\csw\AppData\Local\Programs\Python\Python310\lib\site-packages\pandas\io\parsers\readers.py", line 1407, in __init__
    self._engine = self._make_engine(f, self.engine)
  File "C:\Users\csw\AppData\Local\Programs\Python\Python310\lib\site-packages\pandas\io\parsers\readers.py", line 1661, in _make_engine
    self.handles = get_handle(
  File "C:\Users\csw\AppData\Local\Programs\Python\Python310\lib\site-packages\pandas\io\common.py", line 859, in get_handle
    handle = open(
FileNotFoundError: [Errno 2] No such file or directory: 'title_list.txt'

2023-05-22 13:47:00,622 - ERROR - [Errno 2] No such file or directory: 'title_list.txt'
2023-05-22 13:47:00,623 - ERROR - Traceback (most recent call last):
  File "C:\monitoring\monitoring.py", line 120, in ann_alarm
    title_df = pd.read_csv('title_list.txt')
  File "C:\Users\csw\AppData\Local\Programs\Python\Python310\lib\site-packages\pandas\io\parsers\readers.py", line 912, in read_csv
    return _read(filepath_or_buffer, kwds)
  File "C:\Users\csw\AppData\Local\Programs\Python\Python310\lib\site-packages\pandas\io\parsers\readers.py", line 577, in _read
    parser = TextFileReader(filepath_or_buffer, **kwds)
  File "C:\Users\csw\AppData\Local\Programs\Python\Python310\lib\site-packages\pandas\io\parsers\readers.py", line 1407, in __init__
    self._engine = self._make_engine(f, self.engine)
  File "C:\Users\csw\AppData\Local\Programs\Python\Python310\lib\site-packages\pandas\io\parsers\readers.py", line 1661, in _make_engine
    self.handles = get_handle(
  File "C:\Users\csw\AppData\Local\Programs\Python\Python310\lib\site-packages\pandas\io\common.py", line 859, in get_handle
    handle = open(
FileNotFoundError: [Errno 2] No such file or directory: 'title_list.txt'

2023-05-22 13:47:48,149 - ERROR - No columns to parse from file
2023-05-22 13:47:48,151 - ERROR - Traceback (most recent call last):
  File "C:\monitoring\monitoring.py", line 118, in ann_alarm
    title_df = pd.read_csv('title_list.txt')
  File "C:\Users\csw\AppData\Local\Programs\Python\Python310\lib\site-packages\pandas\io\parsers\readers.py", line 912, in read_csv
    return _read(filepath_or_buffer, kwds)
  File "C:\Users\csw\AppData\Local\Programs\Python\Python310\lib\site-packages\pandas\io\parsers\readers.py", line 577, in _read
    parser = TextFileReader(filepath_or_buffer, **kwds)
  File "C:\Users\csw\AppData\Local\Programs\Python\Python310\lib\site-packages\pandas\io\parsers\readers.py", line 1407, in __init__
    self._engine = self._make_engine(f, self.engine)
  File "C:\Users\csw\AppData\Local\Programs\Python\Python310\lib\site-packages\pandas\io\parsers\readers.py", line 1679, in _make_engine
    return mapping[engine](f, **self.options)
  File "C:\Users\csw\AppData\Local\Programs\Python\Python310\lib\site-packages\pandas\io\parsers\c_parser_wrapper.py", line 93, in __init__
    self._reader = parsers.TextReader(src, **kwds)
  File "pandas\_libs\parsers.pyx", line 555, in pandas._libs.parsers.TextReader.__cinit__
pandas.errors.EmptyDataError: No columns to parse from file

2023-05-22 13:50:05,030 - ERROR - No columns to parse from file
2023-05-22 13:50:05,032 - ERROR - Traceback (most recent call last):
  File "C:\monitoring\monitoring.py", line 118, in ann_alarm
    title_df = pd.read_csv('title_list.txt')
  File "C:\Users\csw\AppData\Local\Programs\Python\Python310\lib\site-packages\pandas\io\parsers\readers.py", line 912, in read_csv
    return _read(filepath_or_buffer, kwds)
  File "C:\Users\csw\AppData\Local\Programs\Python\Python310\lib\site-packages\pandas\io\parsers\readers.py", line 577, in _read
    parser = TextFileReader(filepath_or_buffer, **kwds)
  File "C:\Users\csw\AppData\Local\Programs\Python\Python310\lib\site-packages\pandas\io\parsers\readers.py", line 1407, in __init__
    self._engine = self._make_engine(f, self.engine)
  File "C:\Users\csw\AppData\Local\Programs\Python\Python310\lib\site-packages\pandas\io\parsers\readers.py", line 1679, in _make_engine
    return mapping[engine](f, **self.options)
  File "C:\Users\csw\AppData\Local\Programs\Python\Python310\lib\site-packages\pandas\io\parsers\c_parser_wrapper.py", line 93, in __init__
    self._reader = parsers.TextReader(src, **kwds)
  File "pandas\_libs\parsers.pyx", line 555, in pandas._libs.parsers.TextReader.__cinit__
pandas.errors.EmptyDataError: No columns to parse from file

2023-05-22 13:50:10,991 - ERROR - No columns to parse from file
2023-05-22 13:50:10,991 - ERROR - Traceback (most recent call last):
  File "C:\monitoring\monitoring.py", line 118, in ann_alarm
    title_df = pd.read_csv('title_list.txt')
  File "C:\Users\csw\AppData\Local\Programs\Python\Python310\lib\site-packages\pandas\io\parsers\readers.py", line 912, in read_csv
    return _read(filepath_or_buffer, kwds)
  File "C:\Users\csw\AppData\Local\Programs\Python\Python310\lib\site-packages\pandas\io\parsers\readers.py", line 577, in _read
    parser = TextFileReader(filepath_or_buffer, **kwds)
  File "C:\Users\csw\AppData\Local\Programs\Python\Python310\lib\site-packages\pandas\io\parsers\readers.py", line 1407, in __init__
    self._engine = self._make_engine(f, self.engine)
  File "C:\Users\csw\AppData\Local\Programs\Python\Python310\lib\site-packages\pandas\io\parsers\readers.py", line 1679, in _make_engine
    return mapping[engine](f, **self.options)
  File "C:\Users\csw\AppData\Local\Programs\Python\Python310\lib\site-packages\pandas\io\parsers\c_parser_wrapper.py", line 93, in __init__
    self._reader = parsers.TextReader(src, **kwds)
  File "pandas\_libs\parsers.pyx", line 555, in pandas._libs.parsers.TextReader.__cinit__
pandas.errors.EmptyDataError: No columns to parse from file

2023-05-22 13:52:47,942 - ERROR - No columns to parse from file
2023-05-22 13:52:47,945 - ERROR - Traceback (most recent call last):
  File "C:\monitoring\monitoring.py", line 118, in ann_alarm
    title_df = pd.read_csv('title_list.txt')
  File "C:\Users\csw\AppData\Local\Programs\Python\Python310\lib\site-packages\pandas\io\parsers\readers.py", line 912, in read_csv
    return _read(filepath_or_buffer, kwds)
  File "C:\Users\csw\AppData\Local\Programs\Python\Python310\lib\site-packages\pandas\io\parsers\readers.py", line 577, in _read
    parser = TextFileReader(filepath_or_buffer, **kwds)
  File "C:\Users\csw\AppData\Local\Programs\Python\Python310\lib\site-packages\pandas\io\parsers\readers.py", line 1407, in __init__
    self._engine = self._make_engine(f, self.engine)
  File "C:\Users\csw\AppData\Local\Programs\Python\Python310\lib\site-packages\pandas\io\parsers\readers.py", line 1679, in _make_engine
    return mapping[engine](f, **self.options)
  File "C:\Users\csw\AppData\Local\Programs\Python\Python310\lib\site-packages\pandas\io\parsers\c_parser_wrapper.py", line 93, in __init__
    self._reader = parsers.TextReader(src, **kwds)
  File "pandas\_libs\parsers.pyx", line 555, in pandas._libs.parsers.TextReader.__cinit__
pandas.errors.EmptyDataError: No columns to parse from file

2023-05-22 14:00:12,600 - INFO - [2023-05-22 14:00:01] 프로그램이 실행 중 입니다.
2023-05-22 15:00:12,489 - INFO - [2023-05-22 15:00:01] 프로그램이 실행 중 입니다.
2023-05-22 16:00:12,164 - INFO - [2023-05-22 16:00:01] 프로그램이 실행 중 입니다.
2023-05-22 17:00:12,166 - INFO - [2023-05-22 17:00:01] 프로그램이 실행 중 입니다.
2023-05-22 18:00:12,705 - INFO - [2023-05-22 18:00:02] 프로그램이 실행 중 입니다.
2023-05-22 19:00:12,648 - INFO - [2023-05-22 19:00:02] 프로그램이 실행 중 입니다.
2023-05-22 20:00:13,264 - INFO - [2023-05-22 20:00:02] 프로그램이 실행 중 입니다.
2023-05-22 21:00:12,982 - INFO - [2023-05-22 21:00:02] 프로그램이 실행 중 입니다.
2023-05-22 22:00:12,743 - INFO - [2023-05-22 22:00:02] 프로그램이 실행 중 입니다.
2023-05-22 23:00:14,519 - INFO - [2023-05-22 23:00:02] 프로그램이 실행 중 입니다.
2023-05-23 00:00:12,563 - INFO - [2023-05-23 00:00:02] 프로그램이 실행 중 입니다.
2023-05-23 01:00:13,609 - INFO - [2023-05-23 01:00:02] 프로그램이 실행 중 입니다.
2023-05-23 02:00:12,722 - INFO - [2023-05-23 02:00:02] 프로그램이 실행 중 입니다.
2023-05-23 03:00:12,772 - INFO - [2023-05-23 03:00:02] 프로그램이 실행 중 입니다.
2023-05-23 04:00:12,776 - INFO - [2023-05-23 04:00:02] 프로그램이 실행 중 입니다.
2023-05-23 05:00:12,721 - INFO - [2023-05-23 05:00:02] 프로그램이 실행 중 입니다.
2023-05-23 06:00:12,654 - INFO - [2023-05-23 06:00:02] 프로그램이 실행 중 입니다.
2023-05-23 07:00:12,496 - INFO - [2023-05-23 07:00:02] 프로그램이 실행 중 입니다.
2023-05-23 08:00:13,174 - INFO - [2023-05-23 08:00:02] 프로그램이 실행 중 입니다.
2023-05-23 09:00:13,119 - INFO - [2023-05-23 09:00:02] 프로그램이 실행 중 입니다.
2023-05-23 10:00:13,154 - INFO - [2023-05-23 10:00:02] 프로그램이 실행 중 입니다.
2023-05-23 11:00:19,808 - INFO - [2023-05-23 11:00:07] 프로그램이 실행 중 입니다.
2023-05-23 12:00:13,102 - INFO - [2023-05-23 12:00:02] 프로그램이 실행 중 입니다.
2023-05-23 13:00:13,111 - INFO - [2023-05-23 13:00:02] 프로그램이 실행 중 입니다.
2023-05-23 14:00:13,292 - INFO - [2023-05-23 14:00:02] 프로그램이 실행 중 입니다.
2023-05-23 15:00:13,486 - INFO - [2023-05-23 15:00:02] 프로그램이 실행 중 입니다.
2023-05-23 16:00:13,220 - INFO - [2023-05-23 16:00:02] 프로그램이 실행 중 입니다.
2023-05-23 17:00:13,214 - INFO - [2023-05-23 17:00:02] 프로그램이 실행 중 입니다.
2023-05-23 18:00:13,377 - INFO - [2023-05-23 18:00:02] 프로그램이 실행 중 입니다.
2023-05-23 19:00:13,255 - INFO - [2023-05-23 19:00:02] 프로그램이 실행 중 입니다.
2023-05-23 20:00:12,443 - INFO - [2023-05-23 20:00:01] 프로그램이 실행 중 입니다.
2023-05-23 21:00:12,136 - INFO - [2023-05-23 21:00:01] 프로그램이 실행 중 입니다.
2023-05-23 22:00:12,274 - INFO - [2023-05-23 22:00:01] 프로그램이 실행 중 입니다.
2023-05-23 23:00:12,208 - INFO - [2023-05-23 23:00:01] 프로그램이 실행 중 입니다.
2023-05-24 00:00:12,330 - INFO - [2023-05-24 00:00:01] 프로그램이 실행 중 입니다.
2023-05-24 01:00:12,375 - INFO - [2023-05-24 01:00:01] 프로그램이 실행 중 입니다.
2023-05-24 02:00:12,485 - INFO - [2023-05-24 02:00:01] 프로그램이 실행 중 입니다.
2023-05-24 03:00:12,414 - INFO - [2023-05-24 03:00:01] 프로그램이 실행 중 입니다.
2023-05-24 04:00:12,511 - INFO - [2023-05-24 04:00:01] 프로그램이 실행 중 입니다.
2023-05-24 05:00:12,407 - INFO - [2023-05-24 05:00:01] 프로그램이 실행 중 입니다.
2023-05-24 06:00:12,499 - INFO - [2023-05-24 06:00:01] 프로그램이 실행 중 입니다.
2023-05-24 07:00:12,522 - INFO - [2023-05-24 07:00:02] 프로그램이 실행 중 입니다.
2023-05-24 08:00:12,412 - INFO - [2023-05-24 08:00:01] 프로그램이 실행 중 입니다.
2023-05-24 09:00:12,442 - INFO - [2023-05-24 09:00:02] 프로그램이 실행 중 입니다.
2023-05-24 10:00:13,106 - INFO - [2023-05-24 10:00:02] 프로그램이 실행 중 입니다.
2023-05-24 11:00:19,365 - INFO - [2023-05-24 11:00:07] 프로그램이 실행 중 입니다.
2023-05-24 12:00:13,838 - INFO - [2023-05-24 12:00:02] 프로그램이 실행 중 입니다.
2023-05-24 13:00:12,986 - INFO - [2023-05-24 13:00:02] 프로그램이 실행 중 입니다.
2023-05-24 14:00:13,633 - INFO - [2023-05-24 14:00:02] 프로그램이 실행 중 입니다.
2023-05-24 15:00:12,914 - INFO - [2023-05-24 15:00:02] 프로그램이 실행 중 입니다.
2023-05-24 16:00:13,379 - INFO - [2023-05-24 16:00:02] 프로그램이 실행 중 입니다.
2023-05-24 17:00:13,352 - INFO - [2023-05-24 17:00:02] 프로그램이 실행 중 입니다.
2023-05-24 18:00:13,431 - INFO - [2023-05-24 18:00:02] 프로그램이 실행 중 입니다.
2023-05-24 19:00:13,248 - INFO - [2023-05-24 19:00:02] 프로그램이 실행 중 입니다.
2023-05-24 20:00:13,344 - INFO - [2023-05-24 20:00:02] 프로그램이 실행 중 입니다.
2023-05-24 21:00:13,134 - INFO - [2023-05-24 21:00:02] 프로그램이 실행 중 입니다.
2023-05-24 22:00:13,183 - INFO - [2023-05-24 22:00:02] 프로그램이 실행 중 입니다.
2023-05-24 23:00:13,233 - INFO - [2023-05-24 23:00:02] 프로그램이 실행 중 입니다.
2023-05-25 00:00:13,122 - INFO - [2023-05-25 00:00:02] 프로그램이 실행 중 입니다.
2023-05-25 01:00:13,087 - INFO - [2023-05-25 01:00:02] 프로그램이 실행 중 입니다.
2023-05-25 02:00:13,058 - INFO - [2023-05-25 02:00:02] 프로그램이 실행 중 입니다.
2023-05-25 03:00:13,220 - INFO - [2023-05-25 03:00:02] 프로그램이 실행 중 입니다.
2023-05-25 04:00:13,227 - INFO - [2023-05-25 04:00:02] 프로그램이 실행 중 입니다.
2023-05-25 05:00:13,208 - INFO - [2023-05-25 05:00:02] 프로그램이 실행 중 입니다.
2023-05-25 06:00:13,148 - INFO - [2023-05-25 06:00:02] 프로그램이 실행 중 입니다.
2023-05-25 07:00:12,167 - INFO - [2023-05-25 07:00:01] 프로그램이 실행 중 입니다.
2023-05-25 08:00:12,296 - INFO - [2023-05-25 08:00:01] 프로그램이 실행 중 입니다.
2023-05-25 09:00:12,323 - INFO - [2023-05-25 09:00:01] 프로그램이 실행 중 입니다.
2023-05-25 10:00:12,384 - INFO - [2023-05-25 10:00:01] 프로그램이 실행 중 입니다.
2023-05-25 11:00:26,387 - INFO - [2023-05-25 11:00:12] 프로그램이 실행 중 입니다.
2023-05-25 12:00:12,483 - INFO - [2023-05-25 12:00:01] 프로그램이 실행 중 입니다.
2023-05-25 13:00:12,889 - INFO - [2023-05-25 13:00:02] 프로그램이 실행 중 입니다.
2023-05-25 14:00:12,986 - INFO - [2023-05-25 14:00:02] 프로그램이 실행 중 입니다.
2023-05-25 15:00:12,597 - INFO - [2023-05-25 15:00:01] 프로그램이 실행 중 입니다.
2023-05-25 16:00:12,596 - INFO - [2023-05-25 16:00:01] 프로그램이 실행 중 입니다.
2023-05-25 17:00:12,968 - INFO - [2023-05-25 17:00:02] 프로그램이 실행 중 입니다.
2023-05-25 18:00:13,327 - INFO - [2023-05-25 18:00:02] 프로그램이 실행 중 입니다.
2023-05-25 19:00:13,094 - INFO - [2023-05-25 19:00:02] 프로그램이 실행 중 입니다.
2023-05-25 20:00:13,526 - INFO - [2023-05-25 20:00:02] 프로그램이 실행 중 입니다.
2023-05-25 21:00:13,309 - INFO - [2023-05-25 21:00:02] 프로그램이 실행 중 입니다.
2023-05-25 22:00:16,546 - INFO - [2023-05-25 22:00:03] 프로그램이 실행 중 입니다.
2023-05-25 22:55:54,985 - ERROR - list index out of range
2023-05-25 22:55:54,991 - ERROR - Traceback (most recent call last):
  File "C:\monitoring\monitoring.py", line 107, in ann_alarm
    elements = pd.read_html(ann_table[0].get_attribute('outerHTML'))
IndexError: list index out of range

2023-05-25 23:00:36,294 - ERROR - Message: no such element: Unable to locate element: {"method":"xpath","selector":"//*[@id="main-wrap"]/div[4]/div[1]/div[1]/ul/li[1]/a"}
  (Session info: headless chrome=113.0.5672.93)
Stacktrace:
Backtrace:
	GetHandleVerifier [0x00EDDCE3+50899]
	(No symbol) [0x00E6E111]
	(No symbol) [0x00D75588]
	(No symbol) [0x00DA08F9]
	(No symbol) [0x00DA0AFB]
	(No symbol) [0x00DCF902]
	(No symbol) [0x00DBB944]
	(No symbol) [0x00DCE01C]
	(No symbol) [0x00DBB6F6]
	(No symbol) [0x00D97708]
	(No symbol) [0x00D9886D]
	GetHandleVerifier [0x01143EAE+2566302]
	GetHandleVerifier [0x011792B1+2784417]
	GetHandleVerifier [0x0117327C+2759788]
	GetHandleVerifier [0x00F75740+672048]
	(No symbol) [0x00E78872]
	(No symbol) [0x00E741C8]
	(No symbol) [0x00E742AB]
	(No symbol) [0x00E671B7]
	BaseThreadInitThunk [0x755A00C9+25]
	RtlGetAppContainerNamedObjectPath [0x77237B4E+286]
	RtlGetAppContainerNamedObjectPath [0x77237B1E+238]

2023-05-25 23:00:36,356 - ERROR - Traceback (most recent call last):
  File "C:\monitoring\monitoring.py", line 102, in ann_alarm
    driver.find_element(By.XPATH, '//*[@id="main-wrap"]/div[4]/div[1]/div[1]/ul/li[1]/a').click()
  File "C:\Users\csw\AppData\Local\Programs\Python\Python310\lib\site-packages\selenium\webdriver\remote\webdriver.py", line 831, in find_element
    return self.execute(Command.FIND_ELEMENT, {"using": by, "value": value})["value"]
  File "C:\Users\csw\AppData\Local\Programs\Python\Python310\lib\site-packages\selenium\webdriver\remote\webdriver.py", line 440, in execute
    self.error_handler.check_response(response)
  File "C:\Users\csw\AppData\Local\Programs\Python\Python310\lib\site-packages\selenium\webdriver\remote\errorhandler.py", line 245, in check_response
    raise exception_class(message, screen, stacktrace)
selenium.common.exceptions.NoSuchElementException: Message: no such element: Unable to locate element: {"method":"xpath","selector":"//*[@id="main-wrap"]/div[4]/div[1]/div[1]/ul/li[1]/a"}
  (Session info: headless chrome=113.0.5672.93)
Stacktrace:
Backtrace:
	GetHandleVerifier [0x00EDDCE3+50899]
	(No symbol) [0x00E6E111]
	(No symbol) [0x00D75588]
	(No symbol) [0x00DA08F9]
	(No symbol) [0x00DA0AFB]
	(No symbol) [0x00DCF902]
	(No symbol) [0x00DBB944]
	(No symbol) [0x00DCE01C]
	(No symbol) [0x00DBB6F6]
	(No symbol) [0x00D97708]
	(No symbol) [0x00D9886D]
	GetHandleVerifier [0x01143EAE+2566302]
	GetHandleVerifier [0x011792B1+2784417]
	GetHandleVerifier [0x0117327C+2759788]
	GetHandleVerifier [0x00F75740+672048]
	(No symbol) [0x00E78872]
	(No symbol) [0x00E741C8]
	(No symbol) [0x00E742AB]
	(No symbol) [0x00E671B7]
	BaseThreadInitThunk [0x755A00C9+25]
	RtlGetAppContainerNamedObjectPath [0x77237B4E+286]
	RtlGetAppContainerNamedObjectPath [0x77237B1E+238]


2023-05-25 23:00:38,414 - INFO - [2023-05-25 23:00:03] 프로그램이 실행 중 입니다.
2023-05-25 23:05:36,775 - ERROR - Message: no such element: Unable to locate element: {"method":"xpath","selector":"//*[@id="main-wrap"]/div[4]/div[1]/div[1]/ul/li[1]/a"}
  (Session info: headless chrome=113.0.5672.93)
Stacktrace:
Backtrace:
	GetHandleVerifier [0x00EDDCE3+50899]
	(No symbol) [0x00E6E111]
	(No symbol) [0x00D75588]
	(No symbol) [0x00DA08F9]
	(No symbol) [0x00DA0AFB]
	(No symbol) [0x00DCF902]
	(No symbol) [0x00DBB944]
	(No symbol) [0x00DCE01C]
	(No symbol) [0x00DBB6F6]
	(No symbol) [0x00D97708]
	(No symbol) [0x00D9886D]
	GetHandleVerifier [0x01143EAE+2566302]
	GetHandleVerifier [0x011792B1+2784417]
	GetHandleVerifier [0x0117327C+2759788]
	GetHandleVerifier [0x00F75740+672048]
	(No symbol) [0x00E78872]
	(No symbol) [0x00E741C8]
	(No symbol) [0x00E742AB]
	(No symbol) [0x00E671B7]
	BaseThreadInitThunk [0x755A00C9+25]
	RtlGetAppContainerNamedObjectPath [0x77237B4E+286]
	RtlGetAppContainerNamedObjectPath [0x77237B1E+238]

2023-05-25 23:05:36,780 - ERROR - Traceback (most recent call last):
  File "C:\monitoring\monitoring.py", line 102, in ann_alarm
    driver.find_element(By.XPATH, '//*[@id="main-wrap"]/div[4]/div[1]/div[1]/ul/li[1]/a').click()
  File "C:\Users\csw\AppData\Local\Programs\Python\Python310\lib\site-packages\selenium\webdriver\remote\webdriver.py", line 831, in find_element
    return self.execute(Command.FIND_ELEMENT, {"using": by, "value": value})["value"]
  File "C:\Users\csw\AppData\Local\Programs\Python\Python310\lib\site-packages\selenium\webdriver\remote\webdriver.py", line 440, in execute
    self.error_handler.check_response(response)
  File "C:\Users\csw\AppData\Local\Programs\Python\Python310\lib\site-packages\selenium\webdriver\remote\errorhandler.py", line 245, in check_response
    raise exception_class(message, screen, stacktrace)
selenium.common.exceptions.NoSuchElementException: Message: no such element: Unable to locate element: {"method":"xpath","selector":"//*[@id="main-wrap"]/div[4]/div[1]/div[1]/ul/li[1]/a"}
  (Session info: headless chrome=113.0.5672.93)
Stacktrace:
Backtrace:
	GetHandleVerifier [0x00EDDCE3+50899]
	(No symbol) [0x00E6E111]
	(No symbol) [0x00D75588]
	(No symbol) [0x00DA08F9]
	(No symbol) [0x00DA0AFB]
	(No symbol) [0x00DCF902]
	(No symbol) [0x00DBB944]
	(No symbol) [0x00DCE01C]
	(No symbol) [0x00DBB6F6]
	(No symbol) [0x00D97708]
	(No symbol) [0x00D9886D]
	GetHandleVerifier [0x01143EAE+2566302]
	GetHandleVerifier [0x011792B1+2784417]
	GetHandleVerifier [0x0117327C+2759788]
	GetHandleVerifier [0x00F75740+672048]
	(No symbol) [0x00E78872]
	(No symbol) [0x00E741C8]
	(No symbol) [0x00E742AB]
	(No symbol) [0x00E671B7]
	BaseThreadInitThunk [0x755A00C9+25]
	RtlGetAppContainerNamedObjectPath [0x77237B4E+286]
	RtlGetAppContainerNamedObjectPath [0x77237B1E+238]


2023-05-25 23:10:36,725 - ERROR - Message: no such element: Unable to locate element: {"method":"xpath","selector":"//*[@id="main-wrap"]/div[4]/div[1]/div[1]/ul/li[1]/a"}
  (Session info: headless chrome=113.0.5672.93)
Stacktrace:
Backtrace:
	GetHandleVerifier [0x00EDDCE3+50899]
	(No symbol) [0x00E6E111]
	(No symbol) [0x00D75588]
	(No symbol) [0x00DA08F9]
	(No symbol) [0x00DA0AFB]
	(No symbol) [0x00DCF902]
	(No symbol) [0x00DBB944]
	(No symbol) [0x00DCE01C]
	(No symbol) [0x00DBB6F6]
	(No symbol) [0x00D97708]
	(No symbol) [0x00D9886D]
	GetHandleVerifier [0x01143EAE+2566302]
	GetHandleVerifier [0x011792B1+2784417]
	GetHandleVerifier [0x0117327C+2759788]
	GetHandleVerifier [0x00F75740+672048]
	(No symbol) [0x00E78872]
	(No symbol) [0x00E741C8]
	(No symbol) [0x00E742AB]
	(No symbol) [0x00E671B7]
	BaseThreadInitThunk [0x755A00C9+25]
	RtlGetAppContainerNamedObjectPath [0x77237B4E+286]
	RtlGetAppContainerNamedObjectPath [0x77237B1E+238]

2023-05-25 23:10:36,728 - ERROR - Traceback (most recent call last):
  File "C:\monitoring\monitoring.py", line 102, in ann_alarm
    driver.find_element(By.XPATH, '//*[@id="main-wrap"]/div[4]/div[1]/div[1]/ul/li[1]/a').click()
  File "C:\Users\csw\AppData\Local\Programs\Python\Python310\lib\site-packages\selenium\webdriver\remote\webdriver.py", line 831, in find_element
    return self.execute(Command.FIND_ELEMENT, {"using": by, "value": value})["value"]
  File "C:\Users\csw\AppData\Local\Programs\Python\Python310\lib\site-packages\selenium\webdriver\remote\webdriver.py", line 440, in execute
    self.error_handler.check_response(response)
  File "C:\Users\csw\AppData\Local\Programs\Python\Python310\lib\site-packages\selenium\webdriver\remote\errorhandler.py", line 245, in check_response
    raise exception_class(message, screen, stacktrace)
selenium.common.exceptions.NoSuchElementException: Message: no such element: Unable to locate element: {"method":"xpath","selector":"//*[@id="main-wrap"]/div[4]/div[1]/div[1]/ul/li[1]/a"}
  (Session info: headless chrome=113.0.5672.93)
Stacktrace:
Backtrace:
	GetHandleVerifier [0x00EDDCE3+50899]
	(No symbol) [0x00E6E111]
	(No symbol) [0x00D75588]
	(No symbol) [0x00DA08F9]
	(No symbol) [0x00DA0AFB]
	(No symbol) [0x00DCF902]
	(No symbol) [0x00DBB944]
	(No symbol) [0x00DCE01C]
	(No symbol) [0x00DBB6F6]
	(No symbol) [0x00D97708]
	(No symbol) [0x00D9886D]
	GetHandleVerifier [0x01143EAE+2566302]
	GetHandleVerifier [0x011792B1+2784417]
	GetHandleVerifier [0x0117327C+2759788]
	GetHandleVerifier [0x00F75740+672048]
	(No symbol) [0x00E78872]
	(No symbol) [0x00E741C8]
	(No symbol) [0x00E742AB]
	(No symbol) [0x00E671B7]
	BaseThreadInitThunk [0x755A00C9+25]
	RtlGetAppContainerNamedObjectPath [0x77237B4E+286]
	RtlGetAppContainerNamedObjectPath [0x77237B1E+238]


2023-05-25 23:15:36,076 - ERROR - Message: no such element: Unable to locate element: {"method":"xpath","selector":"//*[@id="main-wrap"]/div[4]/div[1]/div[1]/ul/li[1]/a"}
  (Session info: headless chrome=113.0.5672.93)
Stacktrace:
Backtrace:
	GetHandleVerifier [0x00EDDCE3+50899]
	(No symbol) [0x00E6E111]
	(No symbol) [0x00D75588]
	(No symbol) [0x00DA08F9]
	(No symbol) [0x00DA0AFB]
	(No symbol) [0x00DCF902]
	(No symbol) [0x00DBB944]
	(No symbol) [0x00DCE01C]
	(No symbol) [0x00DBB6F6]
	(No symbol) [0x00D97708]
	(No symbol) [0x00D9886D]
	GetHandleVerifier [0x01143EAE+2566302]
	GetHandleVerifier [0x011792B1+2784417]
	GetHandleVerifier [0x0117327C+2759788]
	GetHandleVerifier [0x00F75740+672048]
	(No symbol) [0x00E78872]
	(No symbol) [0x00E741C8]
	(No symbol) [0x00E742AB]
	(No symbol) [0x00E671B7]
	BaseThreadInitThunk [0x755A00C9+25]
	RtlGetAppContainerNamedObjectPath [0x77237B4E+286]
	RtlGetAppContainerNamedObjectPath [0x77237B1E+238]

2023-05-25 23:15:36,081 - ERROR - Traceback (most recent call last):
  File "C:\monitoring\monitoring.py", line 102, in ann_alarm
    driver.find_element(By.XPATH, '//*[@id="main-wrap"]/div[4]/div[1]/div[1]/ul/li[1]/a').click()
  File "C:\Users\csw\AppData\Local\Programs\Python\Python310\lib\site-packages\selenium\webdriver\remote\webdriver.py", line 831, in find_element
    return self.execute(Command.FIND_ELEMENT, {"using": by, "value": value})["value"]
  File "C:\Users\csw\AppData\Local\Programs\Python\Python310\lib\site-packages\selenium\webdriver\remote\webdriver.py", line 440, in execute
    self.error_handler.check_response(response)
  File "C:\Users\csw\AppData\Local\Programs\Python\Python310\lib\site-packages\selenium\webdriver\remote\errorhandler.py", line 245, in check_response
    raise exception_class(message, screen, stacktrace)
selenium.common.exceptions.NoSuchElementException: Message: no such element: Unable to locate element: {"method":"xpath","selector":"//*[@id="main-wrap"]/div[4]/div[1]/div[1]/ul/li[1]/a"}
  (Session info: headless chrome=113.0.5672.93)
Stacktrace:
Backtrace:
	GetHandleVerifier [0x00EDDCE3+50899]
	(No symbol) [0x00E6E111]
	(No symbol) [0x00D75588]
	(No symbol) [0x00DA08F9]
	(No symbol) [0x00DA0AFB]
	(No symbol) [0x00DCF902]
	(No symbol) [0x00DBB944]
	(No symbol) [0x00DCE01C]
	(No symbol) [0x00DBB6F6]
	(No symbol) [0x00D97708]
	(No symbol) [0x00D9886D]
	GetHandleVerifier [0x01143EAE+2566302]
	GetHandleVerifier [0x011792B1+2784417]
	GetHandleVerifier [0x0117327C+2759788]
	GetHandleVerifier [0x00F75740+672048]
	(No symbol) [0x00E78872]
	(No symbol) [0x00E741C8]
	(No symbol) [0x00E742AB]
	(No symbol) [0x00E671B7]
	BaseThreadInitThunk [0x755A00C9+25]
	RtlGetAppContainerNamedObjectPath [0x77237B4E+286]
	RtlGetAppContainerNamedObjectPath [0x77237B1E+238]


2023-05-25 23:20:36,753 - ERROR - Message: no such element: Unable to locate element: {"method":"xpath","selector":"//*[@id="main-wrap"]/div[4]/div[1]/div[1]/ul/li[1]/a"}
  (Session info: headless chrome=113.0.5672.93)
Stacktrace:
Backtrace:
	GetHandleVerifier [0x00EDDCE3+50899]
	(No symbol) [0x00E6E111]
	(No symbol) [0x00D75588]
	(No symbol) [0x00DA08F9]
	(No symbol) [0x00DA0AFB]
	(No symbol) [0x00DCF902]
	(No symbol) [0x00DBB944]
	(No symbol) [0x00DCE01C]
	(No symbol) [0x00DBB6F6]
	(No symbol) [0x00D97708]
	(No symbol) [0x00D9886D]
	GetHandleVerifier [0x01143EAE+2566302]
	GetHandleVerifier [0x011792B1+2784417]
	GetHandleVerifier [0x0117327C+2759788]
	GetHandleVerifier [0x00F75740+672048]
	(No symbol) [0x00E78872]
	(No symbol) [0x00E741C8]
	(No symbol) [0x00E742AB]
	(No symbol) [0x00E671B7]
	BaseThreadInitThunk [0x755A00C9+25]
	RtlGetAppContainerNamedObjectPath [0x77237B4E+286]
	RtlGetAppContainerNamedObjectPath [0x77237B1E+238]

2023-05-25 23:20:36,757 - ERROR - Traceback (most recent call last):
  File "C:\monitoring\monitoring.py", line 102, in ann_alarm
    driver.find_element(By.XPATH, '//*[@id="main-wrap"]/div[4]/div[1]/div[1]/ul/li[1]/a').click()
  File "C:\Users\csw\AppData\Local\Programs\Python\Python310\lib\site-packages\selenium\webdriver\remote\webdriver.py", line 831, in find_element
    return self.execute(Command.FIND_ELEMENT, {"using": by, "value": value})["value"]
  File "C:\Users\csw\AppData\Local\Programs\Python\Python310\lib\site-packages\selenium\webdriver\remote\webdriver.py", line 440, in execute
    self.error_handler.check_response(response)
  File "C:\Users\csw\AppData\Local\Programs\Python\Python310\lib\site-packages\selenium\webdriver\remote\errorhandler.py", line 245, in check_response
    raise exception_class(message, screen, stacktrace)
selenium.common.exceptions.NoSuchElementException: Message: no such element: Unable to locate element: {"method":"xpath","selector":"//*[@id="main-wrap"]/div[4]/div[1]/div[1]/ul/li[1]/a"}
  (Session info: headless chrome=113.0.5672.93)
Stacktrace:
Backtrace:
	GetHandleVerifier [0x00EDDCE3+50899]
	(No symbol) [0x00E6E111]
	(No symbol) [0x00D75588]
	(No symbol) [0x00DA08F9]
	(No symbol) [0x00DA0AFB]
	(No symbol) [0x00DCF902]
	(No symbol) [0x00DBB944]
	(No symbol) [0x00DCE01C]
	(No symbol) [0x00DBB6F6]
	(No symbol) [0x00D97708]
	(No symbol) [0x00D9886D]
	GetHandleVerifier [0x01143EAE+2566302]
	GetHandleVerifier [0x011792B1+2784417]
	GetHandleVerifier [0x0117327C+2759788]
	GetHandleVerifier [0x00F75740+672048]
	(No symbol) [0x00E78872]
	(No symbol) [0x00E741C8]
	(No symbol) [0x00E742AB]
	(No symbol) [0x00E671B7]
	BaseThreadInitThunk [0x755A00C9+25]
	RtlGetAppContainerNamedObjectPath [0x77237B4E+286]
	RtlGetAppContainerNamedObjectPath [0x77237B1E+238]


2023-05-25 23:25:35,720 - ERROR - Message: no such element: Unable to locate element: {"method":"xpath","selector":"//*[@id="main-wrap"]/div[4]/div[1]/div[1]/ul/li[1]/a"}
  (Session info: headless chrome=113.0.5672.127)
Stacktrace:
Backtrace:
	GetHandleVerifier [0x00EDDCE3+50899]
	(No symbol) [0x00E6E111]
	(No symbol) [0x00D75588]
	(No symbol) [0x00DA08F9]
	(No symbol) [0x00DA0AFB]
	(No symbol) [0x00DCF902]
	(No symbol) [0x00DBB944]
	(No symbol) [0x00DCE01C]
	(No symbol) [0x00DBB6F6]
	(No symbol) [0x00D97708]
	(No symbol) [0x00D9886D]
	GetHandleVerifier [0x01143EAE+2566302]
	GetHandleVerifier [0x011792B1+2784417]
	GetHandleVerifier [0x0117327C+2759788]
	GetHandleVerifier [0x00F75740+672048]
	(No symbol) [0x00E78872]
	(No symbol) [0x00E741C8]
	(No symbol) [0x00E742AB]
	(No symbol) [0x00E671B7]
	BaseThreadInitThunk [0x755A00C9+25]
	RtlGetAppContainerNamedObjectPath [0x77237B4E+286]
	RtlGetAppContainerNamedObjectPath [0x77237B1E+238]

2023-05-25 23:25:35,723 - ERROR - Traceback (most recent call last):
  File "C:\monitoring\monitoring.py", line 102, in ann_alarm
    driver.find_element(By.XPATH, '//*[@id="main-wrap"]/div[4]/div[1]/div[1]/ul/li[1]/a').click()
  File "C:\Users\csw\AppData\Local\Programs\Python\Python310\lib\site-packages\selenium\webdriver\remote\webdriver.py", line 831, in find_element
    return self.execute(Command.FIND_ELEMENT, {"using": by, "value": value})["value"]
  File "C:\Users\csw\AppData\Local\Programs\Python\Python310\lib\site-packages\selenium\webdriver\remote\webdriver.py", line 440, in execute
    self.error_handler.check_response(response)
  File "C:\Users\csw\AppData\Local\Programs\Python\Python310\lib\site-packages\selenium\webdriver\remote\errorhandler.py", line 245, in check_response
    raise exception_class(message, screen, stacktrace)
selenium.common.exceptions.NoSuchElementException: Message: no such element: Unable to locate element: {"method":"xpath","selector":"//*[@id="main-wrap"]/div[4]/div[1]/div[1]/ul/li[1]/a"}
  (Session info: headless chrome=113.0.5672.127)
Stacktrace:
Backtrace:
	GetHandleVerifier [0x00EDDCE3+50899]
	(No symbol) [0x00E6E111]
	(No symbol) [0x00D75588]
	(No symbol) [0x00DA08F9]
	(No symbol) [0x00DA0AFB]
	(No symbol) [0x00DCF902]
	(No symbol) [0x00DBB944]
	(No symbol) [0x00DCE01C]
	(No symbol) [0x00DBB6F6]
	(No symbol) [0x00D97708]
	(No symbol) [0x00D9886D]
	GetHandleVerifier [0x01143EAE+2566302]
	GetHandleVerifier [0x011792B1+2784417]
	GetHandleVerifier [0x0117327C+2759788]
	GetHandleVerifier [0x00F75740+672048]
	(No symbol) [0x00E78872]
	(No symbol) [0x00E741C8]
	(No symbol) [0x00E742AB]
	(No symbol) [0x00E671B7]
	BaseThreadInitThunk [0x755A00C9+25]
	RtlGetAppContainerNamedObjectPath [0x77237B4E+286]
	RtlGetAppContainerNamedObjectPath [0x77237B1E+238]


2023-05-25 23:30:34,708 - ERROR - Message: no such element: Unable to locate element: {"method":"xpath","selector":"//*[@id="main-wrap"]/div[4]/div[1]/div[1]/ul/li[1]/a"}
  (Session info: headless chrome=113.0.5672.127)
Stacktrace:
Backtrace:
	GetHandleVerifier [0x00EDDCE3+50899]
	(No symbol) [0x00E6E111]
	(No symbol) [0x00D75588]
	(No symbol) [0x00DA08F9]
	(No symbol) [0x00DA0AFB]
	(No symbol) [0x00DCF902]
	(No symbol) [0x00DBB944]
	(No symbol) [0x00DCE01C]
	(No symbol) [0x00DBB6F6]
	(No symbol) [0x00D97708]
	(No symbol) [0x00D9886D]
	GetHandleVerifier [0x01143EAE+2566302]
	GetHandleVerifier [0x011792B1+2784417]
	GetHandleVerifier [0x0117327C+2759788]
	GetHandleVerifier [0x00F75740+672048]
	(No symbol) [0x00E78872]
	(No symbol) [0x00E741C8]
	(No symbol) [0x00E742AB]
	(No symbol) [0x00E671B7]
	BaseThreadInitThunk [0x755A00C9+25]
	RtlGetAppContainerNamedObjectPath [0x77237B4E+286]
	RtlGetAppContainerNamedObjectPath [0x77237B1E+238]

2023-05-25 23:30:34,710 - ERROR - Traceback (most recent call last):
  File "C:\monitoring\monitoring.py", line 102, in ann_alarm
    driver.find_element(By.XPATH, '//*[@id="main-wrap"]/div[4]/div[1]/div[1]/ul/li[1]/a').click()
  File "C:\Users\csw\AppData\Local\Programs\Python\Python310\lib\site-packages\selenium\webdriver\remote\webdriver.py", line 831, in find_element
    return self.execute(Command.FIND_ELEMENT, {"using": by, "value": value})["value"]
  File "C:\Users\csw\AppData\Local\Programs\Python\Python310\lib\site-packages\selenium\webdriver\remote\webdriver.py", line 440, in execute
    self.error_handler.check_response(response)
  File "C:\Users\csw\AppData\Local\Programs\Python\Python310\lib\site-packages\selenium\webdriver\remote\errorhandler.py", line 245, in check_response
    raise exception_class(message, screen, stacktrace)
selenium.common.exceptions.NoSuchElementException: Message: no such element: Unable to locate element: {"method":"xpath","selector":"//*[@id="main-wrap"]/div[4]/div[1]/div[1]/ul/li[1]/a"}
  (Session info: headless chrome=113.0.5672.127)
Stacktrace:
Backtrace:
	GetHandleVerifier [0x00EDDCE3+50899]
	(No symbol) [0x00E6E111]
	(No symbol) [0x00D75588]
	(No symbol) [0x00DA08F9]
	(No symbol) [0x00DA0AFB]
	(No symbol) [0x00DCF902]
	(No symbol) [0x00DBB944]
	(No symbol) [0x00DCE01C]
	(No symbol) [0x00DBB6F6]
	(No symbol) [0x00D97708]
	(No symbol) [0x00D9886D]
	GetHandleVerifier [0x01143EAE+2566302]
	GetHandleVerifier [0x011792B1+2784417]
	GetHandleVerifier [0x0117327C+2759788]
	GetHandleVerifier [0x00F75740+672048]
	(No symbol) [0x00E78872]
	(No symbol) [0x00E741C8]
	(No symbol) [0x00E742AB]
	(No symbol) [0x00E671B7]
	BaseThreadInitThunk [0x755A00C9+25]
	RtlGetAppContainerNamedObjectPath [0x77237B4E+286]
	RtlGetAppContainerNamedObjectPath [0x77237B1E+238]


2023-05-25 23:35:35,066 - ERROR - Message: no such element: Unable to locate element: {"method":"xpath","selector":"//*[@id="main-wrap"]/div[4]/div[1]/div[1]/ul/li[1]/a"}
  (Session info: headless chrome=113.0.5672.127)
Stacktrace:
Backtrace:
	GetHandleVerifier [0x00EDDCE3+50899]
	(No symbol) [0x00E6E111]
	(No symbol) [0x00D75588]
	(No symbol) [0x00DA08F9]
	(No symbol) [0x00DA0AFB]
	(No symbol) [0x00DCF902]
	(No symbol) [0x00DBB944]
	(No symbol) [0x00DCE01C]
	(No symbol) [0x00DBB6F6]
	(No symbol) [0x00D97708]
	(No symbol) [0x00D9886D]
	GetHandleVerifier [0x01143EAE+2566302]
	GetHandleVerifier [0x011792B1+2784417]
	GetHandleVerifier [0x0117327C+2759788]
	GetHandleVerifier [0x00F75740+672048]
	(No symbol) [0x00E78872]
	(No symbol) [0x00E741C8]
	(No symbol) [0x00E742AB]
	(No symbol) [0x00E671B7]
	BaseThreadInitThunk [0x755A00C9+25]
	RtlGetAppContainerNamedObjectPath [0x77237B4E+286]
	RtlGetAppContainerNamedObjectPath [0x77237B1E+238]

2023-05-25 23:35:35,068 - ERROR - Traceback (most recent call last):
  File "C:\monitoring\monitoring.py", line 102, in ann_alarm
    driver.find_element(By.XPATH, '//*[@id="main-wrap"]/div[4]/div[1]/div[1]/ul/li[1]/a').click()
  File "C:\Users\csw\AppData\Local\Programs\Python\Python310\lib\site-packages\selenium\webdriver\remote\webdriver.py", line 831, in find_element
    return self.execute(Command.FIND_ELEMENT, {"using": by, "value": value})["value"]
  File "C:\Users\csw\AppData\Local\Programs\Python\Python310\lib\site-packages\selenium\webdriver\remote\webdriver.py", line 440, in execute
    self.error_handler.check_response(response)
  File "C:\Users\csw\AppData\Local\Programs\Python\Python310\lib\site-packages\selenium\webdriver\remote\errorhandler.py", line 245, in check_response
    raise exception_class(message, screen, stacktrace)
selenium.common.exceptions.NoSuchElementException: Message: no such element: Unable to locate element: {"method":"xpath","selector":"//*[@id="main-wrap"]/div[4]/div[1]/div[1]/ul/li[1]/a"}
  (Session info: headless chrome=113.0.5672.127)
Stacktrace:
Backtrace:
	GetHandleVerifier [0x00EDDCE3+50899]
	(No symbol) [0x00E6E111]
	(No symbol) [0x00D75588]
	(No symbol) [0x00DA08F9]
	(No symbol) [0x00DA0AFB]
	(No symbol) [0x00DCF902]
	(No symbol) [0x00DBB944]
	(No symbol) [0x00DCE01C]
	(No symbol) [0x00DBB6F6]
	(No symbol) [0x00D97708]
	(No symbol) [0x00D9886D]
	GetHandleVerifier [0x01143EAE+2566302]
	GetHandleVerifier [0x011792B1+2784417]
	GetHandleVerifier [0x0117327C+2759788]
	GetHandleVerifier [0x00F75740+672048]
	(No symbol) [0x00E78872]
	(No symbol) [0x00E741C8]
	(No symbol) [0x00E742AB]
	(No symbol) [0x00E671B7]
	BaseThreadInitThunk [0x755A00C9+25]
	RtlGetAppContainerNamedObjectPath [0x77237B4E+286]
	RtlGetAppContainerNamedObjectPath [0x77237B1E+238]


2023-05-25 23:40:35,044 - ERROR - Message: no such element: Unable to locate element: {"method":"xpath","selector":"//*[@id="main-wrap"]/div[4]/div[1]/div[1]/ul/li[1]/a"}
  (Session info: headless chrome=113.0.5672.127)
Stacktrace:
Backtrace:
	GetHandleVerifier [0x00EDDCE3+50899]
	(No symbol) [0x00E6E111]
	(No symbol) [0x00D75588]
	(No symbol) [0x00DA08F9]
	(No symbol) [0x00DA0AFB]
	(No symbol) [0x00DCF902]
	(No symbol) [0x00DBB944]
	(No symbol) [0x00DCE01C]
	(No symbol) [0x00DBB6F6]
	(No symbol) [0x00D97708]
	(No symbol) [0x00D9886D]
	GetHandleVerifier [0x01143EAE+2566302]
	GetHandleVerifier [0x011792B1+2784417]
	GetHandleVerifier [0x0117327C+2759788]
	GetHandleVerifier [0x00F75740+672048]
	(No symbol) [0x00E78872]
	(No symbol) [0x00E741C8]
	(No symbol) [0x00E742AB]
	(No symbol) [0x00E671B7]
	BaseThreadInitThunk [0x755A00C9+25]
	RtlGetAppContainerNamedObjectPath [0x77237B4E+286]
	RtlGetAppContainerNamedObjectPath [0x77237B1E+238]

2023-05-25 23:40:35,046 - ERROR - Traceback (most recent call last):
  File "C:\monitoring\monitoring.py", line 102, in ann_alarm
    driver.find_element(By.XPATH, '//*[@id="main-wrap"]/div[4]/div[1]/div[1]/ul/li[1]/a').click()
  File "C:\Users\csw\AppData\Local\Programs\Python\Python310\lib\site-packages\selenium\webdriver\remote\webdriver.py", line 831, in find_element
    return self.execute(Command.FIND_ELEMENT, {"using": by, "value": value})["value"]
  File "C:\Users\csw\AppData\Local\Programs\Python\Python310\lib\site-packages\selenium\webdriver\remote\webdriver.py", line 440, in execute
    self.error_handler.check_response(response)
  File "C:\Users\csw\AppData\Local\Programs\Python\Python310\lib\site-packages\selenium\webdriver\remote\errorhandler.py", line 245, in check_response
    raise exception_class(message, screen, stacktrace)
selenium.common.exceptions.NoSuchElementException: Message: no such element: Unable to locate element: {"method":"xpath","selector":"//*[@id="main-wrap"]/div[4]/div[1]/div[1]/ul/li[1]/a"}
  (Session info: headless chrome=113.0.5672.127)
Stacktrace:
Backtrace:
	GetHandleVerifier [0x00EDDCE3+50899]
	(No symbol) [0x00E6E111]
	(No symbol) [0x00D75588]
	(No symbol) [0x00DA08F9]
	(No symbol) [0x00DA0AFB]
	(No symbol) [0x00DCF902]
	(No symbol) [0x00DBB944]
	(No symbol) [0x00DCE01C]
	(No symbol) [0x00DBB6F6]
	(No symbol) [0x00D97708]
	(No symbol) [0x00D9886D]
	GetHandleVerifier [0x01143EAE+2566302]
	GetHandleVerifier [0x011792B1+2784417]
	GetHandleVerifier [0x0117327C+2759788]
	GetHandleVerifier [0x00F75740+672048]
	(No symbol) [0x00E78872]
	(No symbol) [0x00E741C8]
	(No symbol) [0x00E742AB]
	(No symbol) [0x00E671B7]
	BaseThreadInitThunk [0x755A00C9+25]
	RtlGetAppContainerNamedObjectPath [0x77237B4E+286]
	RtlGetAppContainerNamedObjectPath [0x77237B1E+238]


2023-05-25 23:45:34,732 - ERROR - Message: no such element: Unable to locate element: {"method":"xpath","selector":"//*[@id="main-wrap"]/div[4]/div[1]/div[1]/ul/li[1]/a"}
  (Session info: headless chrome=113.0.5672.127)
Stacktrace:
Backtrace:
	GetHandleVerifier [0x00EDDCE3+50899]
	(No symbol) [0x00E6E111]
	(No symbol) [0x00D75588]
	(No symbol) [0x00DA08F9]
	(No symbol) [0x00DA0AFB]
	(No symbol) [0x00DCF902]
	(No symbol) [0x00DBB944]
	(No symbol) [0x00DCE01C]
	(No symbol) [0x00DBB6F6]
	(No symbol) [0x00D97708]
	(No symbol) [0x00D9886D]
	GetHandleVerifier [0x01143EAE+2566302]
	GetHandleVerifier [0x011792B1+2784417]
	GetHandleVerifier [0x0117327C+2759788]
	GetHandleVerifier [0x00F75740+672048]
	(No symbol) [0x00E78872]
	(No symbol) [0x00E741C8]
	(No symbol) [0x00E742AB]
	(No symbol) [0x00E671B7]
	BaseThreadInitThunk [0x755A00C9+25]
	RtlGetAppContainerNamedObjectPath [0x77237B4E+286]
	RtlGetAppContainerNamedObjectPath [0x77237B1E+238]

2023-05-25 23:45:34,735 - ERROR - Traceback (most recent call last):
  File "C:\monitoring\monitoring.py", line 102, in ann_alarm
    driver.find_element(By.XPATH, '//*[@id="main-wrap"]/div[4]/div[1]/div[1]/ul/li[1]/a').click()
  File "C:\Users\csw\AppData\Local\Programs\Python\Python310\lib\site-packages\selenium\webdriver\remote\webdriver.py", line 831, in find_element
    return self.execute(Command.FIND_ELEMENT, {"using": by, "value": value})["value"]
  File "C:\Users\csw\AppData\Local\Programs\Python\Python310\lib\site-packages\selenium\webdriver\remote\webdriver.py", line 440, in execute
    self.error_handler.check_response(response)
  File "C:\Users\csw\AppData\Local\Programs\Python\Python310\lib\site-packages\selenium\webdriver\remote\errorhandler.py", line 245, in check_response
    raise exception_class(message, screen, stacktrace)
selenium.common.exceptions.NoSuchElementException: Message: no such element: Unable to locate element: {"method":"xpath","selector":"//*[@id="main-wrap"]/div[4]/div[1]/div[1]/ul/li[1]/a"}
  (Session info: headless chrome=113.0.5672.127)
Stacktrace:
Backtrace:
	GetHandleVerifier [0x00EDDCE3+50899]
	(No symbol) [0x00E6E111]
	(No symbol) [0x00D75588]
	(No symbol) [0x00DA08F9]
	(No symbol) [0x00DA0AFB]
	(No symbol) [0x00DCF902]
	(No symbol) [0x00DBB944]
	(No symbol) [0x00DCE01C]
	(No symbol) [0x00DBB6F6]
	(No symbol) [0x00D97708]
	(No symbol) [0x00D9886D]
	GetHandleVerifier [0x01143EAE+2566302]
	GetHandleVerifier [0x011792B1+2784417]
	GetHandleVerifier [0x0117327C+2759788]
	GetHandleVerifier [0x00F75740+672048]
	(No symbol) [0x00E78872]
	(No symbol) [0x00E741C8]
	(No symbol) [0x00E742AB]
	(No symbol) [0x00E671B7]
	BaseThreadInitThunk [0x755A00C9+25]
	RtlGetAppContainerNamedObjectPath [0x77237B4E+286]
	RtlGetAppContainerNamedObjectPath [0x77237B1E+238]


2023-05-25 23:50:35,071 - ERROR - Message: no such element: Unable to locate element: {"method":"xpath","selector":"//*[@id="main-wrap"]/div[4]/div[1]/div[1]/ul/li[1]/a"}
  (Session info: headless chrome=113.0.5672.127)
Stacktrace:
Backtrace:
	GetHandleVerifier [0x00EDDCE3+50899]
	(No symbol) [0x00E6E111]
	(No symbol) [0x00D75588]
	(No symbol) [0x00DA08F9]
	(No symbol) [0x00DA0AFB]
	(No symbol) [0x00DCF902]
	(No symbol) [0x00DBB944]
	(No symbol) [0x00DCE01C]
	(No symbol) [0x00DBB6F6]
	(No symbol) [0x00D97708]
	(No symbol) [0x00D9886D]
	GetHandleVerifier [0x01143EAE+2566302]
	GetHandleVerifier [0x011792B1+2784417]
	GetHandleVerifier [0x0117327C+2759788]
	GetHandleVerifier [0x00F75740+672048]
	(No symbol) [0x00E78872]
	(No symbol) [0x00E741C8]
	(No symbol) [0x00E742AB]
	(No symbol) [0x00E671B7]
	BaseThreadInitThunk [0x755A00C9+25]
	RtlGetAppContainerNamedObjectPath [0x77237B4E+286]
	RtlGetAppContainerNamedObjectPath [0x77237B1E+238]

2023-05-25 23:50:35,074 - ERROR - Traceback (most recent call last):
  File "C:\monitoring\monitoring.py", line 102, in ann_alarm
    driver.find_element(By.XPATH, '//*[@id="main-wrap"]/div[4]/div[1]/div[1]/ul/li[1]/a').click()
  File "C:\Users\csw\AppData\Local\Programs\Python\Python310\lib\site-packages\selenium\webdriver\remote\webdriver.py", line 831, in find_element
    return self.execute(Command.FIND_ELEMENT, {"using": by, "value": value})["value"]
  File "C:\Users\csw\AppData\Local\Programs\Python\Python310\lib\site-packages\selenium\webdriver\remote\webdriver.py", line 440, in execute
    self.error_handler.check_response(response)
  File "C:\Users\csw\AppData\Local\Programs\Python\Python310\lib\site-packages\selenium\webdriver\remote\errorhandler.py", line 245, in check_response
    raise exception_class(message, screen, stacktrace)
selenium.common.exceptions.NoSuchElementException: Message: no such element: Unable to locate element: {"method":"xpath","selector":"//*[@id="main-wrap"]/div[4]/div[1]/div[1]/ul/li[1]/a"}
  (Session info: headless chrome=113.0.5672.127)
Stacktrace:
Backtrace:
	GetHandleVerifier [0x00EDDCE3+50899]
	(No symbol) [0x00E6E111]
	(No symbol) [0x00D75588]
	(No symbol) [0x00DA08F9]
	(No symbol) [0x00DA0AFB]
	(No symbol) [0x00DCF902]
	(No symbol) [0x00DBB944]
	(No symbol) [0x00DCE01C]
	(No symbol) [0x00DBB6F6]
	(No symbol) [0x00D97708]
	(No symbol) [0x00D9886D]
	GetHandleVerifier [0x01143EAE+2566302]
	GetHandleVerifier [0x011792B1+2784417]
	GetHandleVerifier [0x0117327C+2759788]
	GetHandleVerifier [0x00F75740+672048]
	(No symbol) [0x00E78872]
	(No symbol) [0x00E741C8]
	(No symbol) [0x00E742AB]
	(No symbol) [0x00E671B7]
	BaseThreadInitThunk [0x755A00C9+25]
	RtlGetAppContainerNamedObjectPath [0x77237B4E+286]
	RtlGetAppContainerNamedObjectPath [0x77237B1E+238]


2023-05-25 23:55:35,085 - ERROR - Message: no such element: Unable to locate element: {"method":"xpath","selector":"//*[@id="main-wrap"]/div[4]/div[1]/div[1]/ul/li[1]/a"}
  (Session info: headless chrome=113.0.5672.127)
Stacktrace:
Backtrace:
	GetHandleVerifier [0x00EDDCE3+50899]
	(No symbol) [0x00E6E111]
	(No symbol) [0x00D75588]
	(No symbol) [0x00DA08F9]
	(No symbol) [0x00DA0AFB]
	(No symbol) [0x00DCF902]
	(No symbol) [0x00DBB944]
	(No symbol) [0x00DCE01C]
	(No symbol) [0x00DBB6F6]
	(No symbol) [0x00D97708]
	(No symbol) [0x00D9886D]
	GetHandleVerifier [0x01143EAE+2566302]
	GetHandleVerifier [0x011792B1+2784417]
	GetHandleVerifier [0x0117327C+2759788]
	GetHandleVerifier [0x00F75740+672048]
	(No symbol) [0x00E78872]
	(No symbol) [0x00E741C8]
	(No symbol) [0x00E742AB]
	(No symbol) [0x00E671B7]
	BaseThreadInitThunk [0x755A00C9+25]
	RtlGetAppContainerNamedObjectPath [0x77237B4E+286]
	RtlGetAppContainerNamedObjectPath [0x77237B1E+238]

2023-05-25 23:55:35,087 - ERROR - Traceback (most recent call last):
  File "C:\monitoring\monitoring.py", line 102, in ann_alarm
    driver.find_element(By.XPATH, '//*[@id="main-wrap"]/div[4]/div[1]/div[1]/ul/li[1]/a').click()
  File "C:\Users\csw\AppData\Local\Programs\Python\Python310\lib\site-packages\selenium\webdriver\remote\webdriver.py", line 831, in find_element
    return self.execute(Command.FIND_ELEMENT, {"using": by, "value": value})["value"]
  File "C:\Users\csw\AppData\Local\Programs\Python\Python310\lib\site-packages\selenium\webdriver\remote\webdriver.py", line 440, in execute
    self.error_handler.check_response(response)
  File "C:\Users\csw\AppData\Local\Programs\Python\Python310\lib\site-packages\selenium\webdriver\remote\errorhandler.py", line 245, in check_response
    raise exception_class(message, screen, stacktrace)
selenium.common.exceptions.NoSuchElementException: Message: no such element: Unable to locate element: {"method":"xpath","selector":"//*[@id="main-wrap"]/div[4]/div[1]/div[1]/ul/li[1]/a"}
  (Session info: headless chrome=113.0.5672.127)
Stacktrace:
Backtrace:
	GetHandleVerifier [0x00EDDCE3+50899]
	(No symbol) [0x00E6E111]
	(No symbol) [0x00D75588]
	(No symbol) [0x00DA08F9]
	(No symbol) [0x00DA0AFB]
	(No symbol) [0x00DCF902]
	(No symbol) [0x00DBB944]
	(No symbol) [0x00DCE01C]
	(No symbol) [0x00DBB6F6]
	(No symbol) [0x00D97708]
	(No symbol) [0x00D9886D]
	GetHandleVerifier [0x01143EAE+2566302]
	GetHandleVerifier [0x011792B1+2784417]
	GetHandleVerifier [0x0117327C+2759788]
	GetHandleVerifier [0x00F75740+672048]
	(No symbol) [0x00E78872]
	(No symbol) [0x00E741C8]
	(No symbol) [0x00E742AB]
	(No symbol) [0x00E671B7]
	BaseThreadInitThunk [0x755A00C9+25]
	RtlGetAppContainerNamedObjectPath [0x77237B4E+286]
	RtlGetAppContainerNamedObjectPath [0x77237B1E+238]


2023-05-26 00:00:34,701 - ERROR - Message: no such element: Unable to locate element: {"method":"xpath","selector":"//*[@id="main-wrap"]/div[4]/div[1]/div[1]/ul/li[1]/a"}
  (Session info: headless chrome=113.0.5672.127)
Stacktrace:
Backtrace:
	GetHandleVerifier [0x00EDDCE3+50899]
	(No symbol) [0x00E6E111]
	(No symbol) [0x00D75588]
	(No symbol) [0x00DA08F9]
	(No symbol) [0x00DA0AFB]
	(No symbol) [0x00DCF902]
	(No symbol) [0x00DBB944]
	(No symbol) [0x00DCE01C]
	(No symbol) [0x00DBB6F6]
	(No symbol) [0x00D97708]
	(No symbol) [0x00D9886D]
	GetHandleVerifier [0x01143EAE+2566302]
	GetHandleVerifier [0x011792B1+2784417]
	GetHandleVerifier [0x0117327C+2759788]
	GetHandleVerifier [0x00F75740+672048]
	(No symbol) [0x00E78872]
	(No symbol) [0x00E741C8]
	(No symbol) [0x00E742AB]
	(No symbol) [0x00E671B7]
	BaseThreadInitThunk [0x755A00C9+25]
	RtlGetAppContainerNamedObjectPath [0x77237B4E+286]
	RtlGetAppContainerNamedObjectPath [0x77237B1E+238]

2023-05-26 00:00:34,703 - ERROR - Traceback (most recent call last):
  File "C:\monitoring\monitoring.py", line 102, in ann_alarm
    driver.find_element(By.XPATH, '//*[@id="main-wrap"]/div[4]/div[1]/div[1]/ul/li[1]/a').click()
  File "C:\Users\csw\AppData\Local\Programs\Python\Python310\lib\site-packages\selenium\webdriver\remote\webdriver.py", line 831, in find_element
    return self.execute(Command.FIND_ELEMENT, {"using": by, "value": value})["value"]
  File "C:\Users\csw\AppData\Local\Programs\Python\Python310\lib\site-packages\selenium\webdriver\remote\webdriver.py", line 440, in execute
    self.error_handler.check_response(response)
  File "C:\Users\csw\AppData\Local\Programs\Python\Python310\lib\site-packages\selenium\webdriver\remote\errorhandler.py", line 245, in check_response
    raise exception_class(message, screen, stacktrace)
selenium.common.exceptions.NoSuchElementException: Message: no such element: Unable to locate element: {"method":"xpath","selector":"//*[@id="main-wrap"]/div[4]/div[1]/div[1]/ul/li[1]/a"}
  (Session info: headless chrome=113.0.5672.127)
Stacktrace:
Backtrace:
	GetHandleVerifier [0x00EDDCE3+50899]
	(No symbol) [0x00E6E111]
	(No symbol) [0x00D75588]
	(No symbol) [0x00DA08F9]
	(No symbol) [0x00DA0AFB]
	(No symbol) [0x00DCF902]
	(No symbol) [0x00DBB944]
	(No symbol) [0x00DCE01C]
	(No symbol) [0x00DBB6F6]
	(No symbol) [0x00D97708]
	(No symbol) [0x00D9886D]
	GetHandleVerifier [0x01143EAE+2566302]
	GetHandleVerifier [0x011792B1+2784417]
	GetHandleVerifier [0x0117327C+2759788]
	GetHandleVerifier [0x00F75740+672048]
	(No symbol) [0x00E78872]
	(No symbol) [0x00E741C8]
	(No symbol) [0x00E742AB]
	(No symbol) [0x00E671B7]
	BaseThreadInitThunk [0x755A00C9+25]
	RtlGetAppContainerNamedObjectPath [0x77237B4E+286]
	RtlGetAppContainerNamedObjectPath [0x77237B1E+238]


2023-05-26 00:00:36,753 - INFO - [2023-05-26 00:00:02] 프로그램이 실행 중 입니다.
2023-05-26 00:05:35,009 - ERROR - Message: no such element: Unable to locate element: {"method":"xpath","selector":"//*[@id="main-wrap"]/div[4]/div[1]/div[1]/ul/li[1]/a"}
  (Session info: headless chrome=113.0.5672.127)
Stacktrace:
Backtrace:
	GetHandleVerifier [0x00EDDCE3+50899]
	(No symbol) [0x00E6E111]
	(No symbol) [0x00D75588]
	(No symbol) [0x00DA08F9]
	(No symbol) [0x00DA0AFB]
	(No symbol) [0x00DCF902]
	(No symbol) [0x00DBB944]
	(No symbol) [0x00DCE01C]
	(No symbol) [0x00DBB6F6]
	(No symbol) [0x00D97708]
	(No symbol) [0x00D9886D]
	GetHandleVerifier [0x01143EAE+2566302]
	GetHandleVerifier [0x011792B1+2784417]
	GetHandleVerifier [0x0117327C+2759788]
	GetHandleVerifier [0x00F75740+672048]
	(No symbol) [0x00E78872]
	(No symbol) [0x00E741C8]
	(No symbol) [0x00E742AB]
	(No symbol) [0x00E671B7]
	BaseThreadInitThunk [0x755A00C9+25]
	RtlGetAppContainerNamedObjectPath [0x77237B4E+286]
	RtlGetAppContainerNamedObjectPath [0x77237B1E+238]

2023-05-26 00:05:35,012 - ERROR - Traceback (most recent call last):
  File "C:\monitoring\monitoring.py", line 102, in ann_alarm
    driver.find_element(By.XPATH, '//*[@id="main-wrap"]/div[4]/div[1]/div[1]/ul/li[1]/a').click()
  File "C:\Users\csw\AppData\Local\Programs\Python\Python310\lib\site-packages\selenium\webdriver\remote\webdriver.py", line 831, in find_element
    return self.execute(Command.FIND_ELEMENT, {"using": by, "value": value})["value"]
  File "C:\Users\csw\AppData\Local\Programs\Python\Python310\lib\site-packages\selenium\webdriver\remote\webdriver.py", line 440, in execute
    self.error_handler.check_response(response)
  File "C:\Users\csw\AppData\Local\Programs\Python\Python310\lib\site-packages\selenium\webdriver\remote\errorhandler.py", line 245, in check_response
    raise exception_class(message, screen, stacktrace)
selenium.common.exceptions.NoSuchElementException: Message: no such element: Unable to locate element: {"method":"xpath","selector":"//*[@id="main-wrap"]/div[4]/div[1]/div[1]/ul/li[1]/a"}
  (Session info: headless chrome=113.0.5672.127)
Stacktrace:
Backtrace:
	GetHandleVerifier [0x00EDDCE3+50899]
	(No symbol) [0x00E6E111]
	(No symbol) [0x00D75588]
	(No symbol) [0x00DA08F9]
	(No symbol) [0x00DA0AFB]
	(No symbol) [0x00DCF902]
	(No symbol) [0x00DBB944]
	(No symbol) [0x00DCE01C]
	(No symbol) [0x00DBB6F6]
	(No symbol) [0x00D97708]
	(No symbol) [0x00D9886D]
	GetHandleVerifier [0x01143EAE+2566302]
	GetHandleVerifier [0x011792B1+2784417]
	GetHandleVerifier [0x0117327C+2759788]
	GetHandleVerifier [0x00F75740+672048]
	(No symbol) [0x00E78872]
	(No symbol) [0x00E741C8]
	(No symbol) [0x00E742AB]
	(No symbol) [0x00E671B7]
	BaseThreadInitThunk [0x755A00C9+25]
	RtlGetAppContainerNamedObjectPath [0x77237B4E+286]
	RtlGetAppContainerNamedObjectPath [0x77237B1E+238]


2023-05-26 00:10:35,007 - ERROR - Message: no such element: Unable to locate element: {"method":"xpath","selector":"//*[@id="main-wrap"]/div[4]/div[1]/div[1]/ul/li[1]/a"}
  (Session info: headless chrome=113.0.5672.127)
Stacktrace:
Backtrace:
	GetHandleVerifier [0x00EDDCE3+50899]
	(No symbol) [0x00E6E111]
	(No symbol) [0x00D75588]
	(No symbol) [0x00DA08F9]
	(No symbol) [0x00DA0AFB]
	(No symbol) [0x00DCF902]
	(No symbol) [0x00DBB944]
	(No symbol) [0x00DCE01C]
	(No symbol) [0x00DBB6F6]
	(No symbol) [0x00D97708]
	(No symbol) [0x00D9886D]
	GetHandleVerifier [0x01143EAE+2566302]
	GetHandleVerifier [0x011792B1+2784417]
	GetHandleVerifier [0x0117327C+2759788]
	GetHandleVerifier [0x00F75740+672048]
	(No symbol) [0x00E78872]
	(No symbol) [0x00E741C8]
	(No symbol) [0x00E742AB]
	(No symbol) [0x00E671B7]
	BaseThreadInitThunk [0x755A00C9+25]
	RtlGetAppContainerNamedObjectPath [0x77237B4E+286]
	RtlGetAppContainerNamedObjectPath [0x77237B1E+238]

2023-05-26 00:10:35,010 - ERROR - Traceback (most recent call last):
  File "C:\monitoring\monitoring.py", line 102, in ann_alarm
    driver.find_element(By.XPATH, '//*[@id="main-wrap"]/div[4]/div[1]/div[1]/ul/li[1]/a').click()
  File "C:\Users\csw\AppData\Local\Programs\Python\Python310\lib\site-packages\selenium\webdriver\remote\webdriver.py", line 831, in find_element
    return self.execute(Command.FIND_ELEMENT, {"using": by, "value": value})["value"]
  File "C:\Users\csw\AppData\Local\Programs\Python\Python310\lib\site-packages\selenium\webdriver\remote\webdriver.py", line 440, in execute
    self.error_handler.check_response(response)
  File "C:\Users\csw\AppData\Local\Programs\Python\Python310\lib\site-packages\selenium\webdriver\remote\errorhandler.py", line 245, in check_response
    raise exception_class(message, screen, stacktrace)
selenium.common.exceptions.NoSuchElementException: Message: no such element: Unable to locate element: {"method":"xpath","selector":"//*[@id="main-wrap"]/div[4]/div[1]/div[1]/ul/li[1]/a"}
  (Session info: headless chrome=113.0.5672.127)
Stacktrace:
Backtrace:
	GetHandleVerifier [0x00EDDCE3+50899]
	(No symbol) [0x00E6E111]
	(No symbol) [0x00D75588]
	(No symbol) [0x00DA08F9]
	(No symbol) [0x00DA0AFB]
	(No symbol) [0x00DCF902]
	(No symbol) [0x00DBB944]
	(No symbol) [0x00DCE01C]
	(No symbol) [0x00DBB6F6]
	(No symbol) [0x00D97708]
	(No symbol) [0x00D9886D]
	GetHandleVerifier [0x01143EAE+2566302]
	GetHandleVerifier [0x011792B1+2784417]
	GetHandleVerifier [0x0117327C+2759788]
	GetHandleVerifier [0x00F75740+672048]
	(No symbol) [0x00E78872]
	(No symbol) [0x00E741C8]
	(No symbol) [0x00E742AB]
	(No symbol) [0x00E671B7]
	BaseThreadInitThunk [0x755A00C9+25]
	RtlGetAppContainerNamedObjectPath [0x77237B4E+286]
	RtlGetAppContainerNamedObjectPath [0x77237B1E+238]


2023-05-26 00:15:34,714 - ERROR - Message: no such element: Unable to locate element: {"method":"xpath","selector":"//*[@id="main-wrap"]/div[4]/div[1]/div[1]/ul/li[1]/a"}
  (Session info: headless chrome=113.0.5672.127)
Stacktrace:
Backtrace:
	GetHandleVerifier [0x00EDDCE3+50899]
	(No symbol) [0x00E6E111]
	(No symbol) [0x00D75588]
	(No symbol) [0x00DA08F9]
	(No symbol) [0x00DA0AFB]
	(No symbol) [0x00DCF902]
	(No symbol) [0x00DBB944]
	(No symbol) [0x00DCE01C]
	(No symbol) [0x00DBB6F6]
	(No symbol) [0x00D97708]
	(No symbol) [0x00D9886D]
	GetHandleVerifier [0x01143EAE+2566302]
	GetHandleVerifier [0x011792B1+2784417]
	GetHandleVerifier [0x0117327C+2759788]
	GetHandleVerifier [0x00F75740+672048]
	(No symbol) [0x00E78872]
	(No symbol) [0x00E741C8]
	(No symbol) [0x00E742AB]
	(No symbol) [0x00E671B7]
	BaseThreadInitThunk [0x755A00C9+25]
	RtlGetAppContainerNamedObjectPath [0x77237B4E+286]
	RtlGetAppContainerNamedObjectPath [0x77237B1E+238]

2023-05-26 00:15:34,716 - ERROR - Traceback (most recent call last):
  File "C:\monitoring\monitoring.py", line 102, in ann_alarm
    driver.find_element(By.XPATH, '//*[@id="main-wrap"]/div[4]/div[1]/div[1]/ul/li[1]/a').click()
  File "C:\Users\csw\AppData\Local\Programs\Python\Python310\lib\site-packages\selenium\webdriver\remote\webdriver.py", line 831, in find_element
    return self.execute(Command.FIND_ELEMENT, {"using": by, "value": value})["value"]
  File "C:\Users\csw\AppData\Local\Programs\Python\Python310\lib\site-packages\selenium\webdriver\remote\webdriver.py", line 440, in execute
    self.error_handler.check_response(response)
  File "C:\Users\csw\AppData\Local\Programs\Python\Python310\lib\site-packages\selenium\webdriver\remote\errorhandler.py", line 245, in check_response
    raise exception_class(message, screen, stacktrace)
selenium.common.exceptions.NoSuchElementException: Message: no such element: Unable to locate element: {"method":"xpath","selector":"//*[@id="main-wrap"]/div[4]/div[1]/div[1]/ul/li[1]/a"}
  (Session info: headless chrome=113.0.5672.127)
Stacktrace:
Backtrace:
	GetHandleVerifier [0x00EDDCE3+50899]
	(No symbol) [0x00E6E111]
	(No symbol) [0x00D75588]
	(No symbol) [0x00DA08F9]
	(No symbol) [0x00DA0AFB]
	(No symbol) [0x00DCF902]
	(No symbol) [0x00DBB944]
	(No symbol) [0x00DCE01C]
	(No symbol) [0x00DBB6F6]
	(No symbol) [0x00D97708]
	(No symbol) [0x00D9886D]
	GetHandleVerifier [0x01143EAE+2566302]
	GetHandleVerifier [0x011792B1+2784417]
	GetHandleVerifier [0x0117327C+2759788]
	GetHandleVerifier [0x00F75740+672048]
	(No symbol) [0x00E78872]
	(No symbol) [0x00E741C8]
	(No symbol) [0x00E742AB]
	(No symbol) [0x00E671B7]
	BaseThreadInitThunk [0x755A00C9+25]
	RtlGetAppContainerNamedObjectPath [0x77237B4E+286]
	RtlGetAppContainerNamedObjectPath [0x77237B1E+238]


2023-05-26 00:20:35,106 - ERROR - Message: no such element: Unable to locate element: {"method":"xpath","selector":"//*[@id="main-wrap"]/div[4]/div[1]/div[1]/ul/li[1]/a"}
  (Session info: headless chrome=113.0.5672.127)
Stacktrace:
Backtrace:
	GetHandleVerifier [0x00EDDCE3+50899]
	(No symbol) [0x00E6E111]
	(No symbol) [0x00D75588]
	(No symbol) [0x00DA08F9]
	(No symbol) [0x00DA0AFB]
	(No symbol) [0x00DCF902]
	(No symbol) [0x00DBB944]
	(No symbol) [0x00DCE01C]
	(No symbol) [0x00DBB6F6]
	(No symbol) [0x00D97708]
	(No symbol) [0x00D9886D]
	GetHandleVerifier [0x01143EAE+2566302]
	GetHandleVerifier [0x011792B1+2784417]
	GetHandleVerifier [0x0117327C+2759788]
	GetHandleVerifier [0x00F75740+672048]
	(No symbol) [0x00E78872]
	(No symbol) [0x00E741C8]
	(No symbol) [0x00E742AB]
	(No symbol) [0x00E671B7]
	BaseThreadInitThunk [0x755A00C9+25]
	RtlGetAppContainerNamedObjectPath [0x77237B4E+286]
	RtlGetAppContainerNamedObjectPath [0x77237B1E+238]

2023-05-26 00:20:35,108 - ERROR - Traceback (most recent call last):
  File "C:\monitoring\monitoring.py", line 102, in ann_alarm
    driver.find_element(By.XPATH, '//*[@id="main-wrap"]/div[4]/div[1]/div[1]/ul/li[1]/a').click()
  File "C:\Users\csw\AppData\Local\Programs\Python\Python310\lib\site-packages\selenium\webdriver\remote\webdriver.py", line 831, in find_element
    return self.execute(Command.FIND_ELEMENT, {"using": by, "value": value})["value"]
  File "C:\Users\csw\AppData\Local\Programs\Python\Python310\lib\site-packages\selenium\webdriver\remote\webdriver.py", line 440, in execute
    self.error_handler.check_response(response)
  File "C:\Users\csw\AppData\Local\Programs\Python\Python310\lib\site-packages\selenium\webdriver\remote\errorhandler.py", line 245, in check_response
    raise exception_class(message, screen, stacktrace)
selenium.common.exceptions.NoSuchElementException: Message: no such element: Unable to locate element: {"method":"xpath","selector":"//*[@id="main-wrap"]/div[4]/div[1]/div[1]/ul/li[1]/a"}
  (Session info: headless chrome=113.0.5672.127)
Stacktrace:
Backtrace:
	GetHandleVerifier [0x00EDDCE3+50899]
	(No symbol) [0x00E6E111]
	(No symbol) [0x00D75588]
	(No symbol) [0x00DA08F9]
	(No symbol) [0x00DA0AFB]
	(No symbol) [0x00DCF902]
	(No symbol) [0x00DBB944]
	(No symbol) [0x00DCE01C]
	(No symbol) [0x00DBB6F6]
	(No symbol) [0x00D97708]
	(No symbol) [0x00D9886D]
	GetHandleVerifier [0x01143EAE+2566302]
	GetHandleVerifier [0x011792B1+2784417]
	GetHandleVerifier [0x0117327C+2759788]
	GetHandleVerifier [0x00F75740+672048]
	(No symbol) [0x00E78872]
	(No symbol) [0x00E741C8]
	(No symbol) [0x00E742AB]
	(No symbol) [0x00E671B7]
	BaseThreadInitThunk [0x755A00C9+25]
	RtlGetAppContainerNamedObjectPath [0x77237B4E+286]
	RtlGetAppContainerNamedObjectPath [0x77237B1E+238]


2023-05-26 00:25:35,118 - ERROR - Message: no such element: Unable to locate element: {"method":"xpath","selector":"//*[@id="main-wrap"]/div[4]/div[1]/div[1]/ul/li[1]/a"}
  (Session info: headless chrome=113.0.5672.127)
Stacktrace:
Backtrace:
	GetHandleVerifier [0x00EDDCE3+50899]
	(No symbol) [0x00E6E111]
	(No symbol) [0x00D75588]
	(No symbol) [0x00DA08F9]
	(No symbol) [0x00DA0AFB]
	(No symbol) [0x00DCF902]
	(No symbol) [0x00DBB944]
	(No symbol) [0x00DCE01C]
	(No symbol) [0x00DBB6F6]
	(No symbol) [0x00D97708]
	(No symbol) [0x00D9886D]
	GetHandleVerifier [0x01143EAE+2566302]
	GetHandleVerifier [0x011792B1+2784417]
	GetHandleVerifier [0x0117327C+2759788]
	GetHandleVerifier [0x00F75740+672048]
	(No symbol) [0x00E78872]
	(No symbol) [0x00E741C8]
	(No symbol) [0x00E742AB]
	(No symbol) [0x00E671B7]
	BaseThreadInitThunk [0x755A00C9+25]
	RtlGetAppContainerNamedObjectPath [0x77237B4E+286]
	RtlGetAppContainerNamedObjectPath [0x77237B1E+238]

2023-05-26 00:25:35,119 - ERROR - Traceback (most recent call last):
  File "C:\monitoring\monitoring.py", line 102, in ann_alarm
    driver.find_element(By.XPATH, '//*[@id="main-wrap"]/div[4]/div[1]/div[1]/ul/li[1]/a').click()
  File "C:\Users\csw\AppData\Local\Programs\Python\Python310\lib\site-packages\selenium\webdriver\remote\webdriver.py", line 831, in find_element
    return self.execute(Command.FIND_ELEMENT, {"using": by, "value": value})["value"]
  File "C:\Users\csw\AppData\Local\Programs\Python\Python310\lib\site-packages\selenium\webdriver\remote\webdriver.py", line 440, in execute
    self.error_handler.check_response(response)
  File "C:\Users\csw\AppData\Local\Programs\Python\Python310\lib\site-packages\selenium\webdriver\remote\errorhandler.py", line 245, in check_response
    raise exception_class(message, screen, stacktrace)
selenium.common.exceptions.NoSuchElementException: Message: no such element: Unable to locate element: {"method":"xpath","selector":"//*[@id="main-wrap"]/div[4]/div[1]/div[1]/ul/li[1]/a"}
  (Session info: headless chrome=113.0.5672.127)
Stacktrace:
Backtrace:
	GetHandleVerifier [0x00EDDCE3+50899]
	(No symbol) [0x00E6E111]
	(No symbol) [0x00D75588]
	(No symbol) [0x00DA08F9]
	(No symbol) [0x00DA0AFB]
	(No symbol) [0x00DCF902]
	(No symbol) [0x00DBB944]
	(No symbol) [0x00DCE01C]
	(No symbol) [0x00DBB6F6]
	(No symbol) [0x00D97708]
	(No symbol) [0x00D9886D]
	GetHandleVerifier [0x01143EAE+2566302]
	GetHandleVerifier [0x011792B1+2784417]
	GetHandleVerifier [0x0117327C+2759788]
	GetHandleVerifier [0x00F75740+672048]
	(No symbol) [0x00E78872]
	(No symbol) [0x00E741C8]
	(No symbol) [0x00E742AB]
	(No symbol) [0x00E671B7]
	BaseThreadInitThunk [0x755A00C9+25]
	RtlGetAppContainerNamedObjectPath [0x77237B4E+286]
	RtlGetAppContainerNamedObjectPath [0x77237B1E+238]


2023-05-26 00:30:34,683 - ERROR - Message: no such element: Unable to locate element: {"method":"xpath","selector":"//*[@id="main-wrap"]/div[4]/div[1]/div[1]/ul/li[1]/a"}
  (Session info: headless chrome=113.0.5672.127)
Stacktrace:
Backtrace:
	GetHandleVerifier [0x00EDDCE3+50899]
	(No symbol) [0x00E6E111]
	(No symbol) [0x00D75588]
	(No symbol) [0x00DA08F9]
	(No symbol) [0x00DA0AFB]
	(No symbol) [0x00DCF902]
	(No symbol) [0x00DBB944]
	(No symbol) [0x00DCE01C]
	(No symbol) [0x00DBB6F6]
	(No symbol) [0x00D97708]
	(No symbol) [0x00D9886D]
	GetHandleVerifier [0x01143EAE+2566302]
	GetHandleVerifier [0x011792B1+2784417]
	GetHandleVerifier [0x0117327C+2759788]
	GetHandleVerifier [0x00F75740+672048]
	(No symbol) [0x00E78872]
	(No symbol) [0x00E741C8]
	(No symbol) [0x00E742AB]
	(No symbol) [0x00E671B7]
	BaseThreadInitThunk [0x755A00C9+25]
	RtlGetAppContainerNamedObjectPath [0x77237B4E+286]
	RtlGetAppContainerNamedObjectPath [0x77237B1E+238]

2023-05-26 00:30:34,685 - ERROR - Traceback (most recent call last):
  File "C:\monitoring\monitoring.py", line 102, in ann_alarm
    driver.find_element(By.XPATH, '//*[@id="main-wrap"]/div[4]/div[1]/div[1]/ul/li[1]/a').click()
  File "C:\Users\csw\AppData\Local\Programs\Python\Python310\lib\site-packages\selenium\webdriver\remote\webdriver.py", line 831, in find_element
    return self.execute(Command.FIND_ELEMENT, {"using": by, "value": value})["value"]
  File "C:\Users\csw\AppData\Local\Programs\Python\Python310\lib\site-packages\selenium\webdriver\remote\webdriver.py", line 440, in execute
    self.error_handler.check_response(response)
  File "C:\Users\csw\AppData\Local\Programs\Python\Python310\lib\site-packages\selenium\webdriver\remote\errorhandler.py", line 245, in check_response
    raise exception_class(message, screen, stacktrace)
selenium.common.exceptions.NoSuchElementException: Message: no such element: Unable to locate element: {"method":"xpath","selector":"//*[@id="main-wrap"]/div[4]/div[1]/div[1]/ul/li[1]/a"}
  (Session info: headless chrome=113.0.5672.127)
Stacktrace:
Backtrace:
	GetHandleVerifier [0x00EDDCE3+50899]
	(No symbol) [0x00E6E111]
	(No symbol) [0x00D75588]
	(No symbol) [0x00DA08F9]
	(No symbol) [0x00DA0AFB]
	(No symbol) [0x00DCF902]
	(No symbol) [0x00DBB944]
	(No symbol) [0x00DCE01C]
	(No symbol) [0x00DBB6F6]
	(No symbol) [0x00D97708]
	(No symbol) [0x00D9886D]
	GetHandleVerifier [0x01143EAE+2566302]
	GetHandleVerifier [0x011792B1+2784417]
	GetHandleVerifier [0x0117327C+2759788]
	GetHandleVerifier [0x00F75740+672048]
	(No symbol) [0x00E78872]
	(No symbol) [0x00E741C8]
	(No symbol) [0x00E742AB]
	(No symbol) [0x00E671B7]
	BaseThreadInitThunk [0x755A00C9+25]
	RtlGetAppContainerNamedObjectPath [0x77237B4E+286]
	RtlGetAppContainerNamedObjectPath [0x77237B1E+238]


2023-05-26 00:35:35,061 - ERROR - Message: no such element: Unable to locate element: {"method":"xpath","selector":"//*[@id="main-wrap"]/div[4]/div[1]/div[1]/ul/li[1]/a"}
  (Session info: headless chrome=113.0.5672.127)
Stacktrace:
Backtrace:
	GetHandleVerifier [0x00EDDCE3+50899]
	(No symbol) [0x00E6E111]
	(No symbol) [0x00D75588]
	(No symbol) [0x00DA08F9]
	(No symbol) [0x00DA0AFB]
	(No symbol) [0x00DCF902]
	(No symbol) [0x00DBB944]
	(No symbol) [0x00DCE01C]
	(No symbol) [0x00DBB6F6]
	(No symbol) [0x00D97708]
	(No symbol) [0x00D9886D]
	GetHandleVerifier [0x01143EAE+2566302]
	GetHandleVerifier [0x011792B1+2784417]
	GetHandleVerifier [0x0117327C+2759788]
	GetHandleVerifier [0x00F75740+672048]
	(No symbol) [0x00E78872]
	(No symbol) [0x00E741C8]
	(No symbol) [0x00E742AB]
	(No symbol) [0x00E671B7]
	BaseThreadInitThunk [0x755A00C9+25]
	RtlGetAppContainerNamedObjectPath [0x77237B4E+286]
	RtlGetAppContainerNamedObjectPath [0x77237B1E+238]

2023-05-26 00:35:35,063 - ERROR - Traceback (most recent call last):
  File "C:\monitoring\monitoring.py", line 102, in ann_alarm
    driver.find_element(By.XPATH, '//*[@id="main-wrap"]/div[4]/div[1]/div[1]/ul/li[1]/a').click()
  File "C:\Users\csw\AppData\Local\Programs\Python\Python310\lib\site-packages\selenium\webdriver\remote\webdriver.py", line 831, in find_element
    return self.execute(Command.FIND_ELEMENT, {"using": by, "value": value})["value"]
  File "C:\Users\csw\AppData\Local\Programs\Python\Python310\lib\site-packages\selenium\webdriver\remote\webdriver.py", line 440, in execute
    self.error_handler.check_response(response)
  File "C:\Users\csw\AppData\Local\Programs\Python\Python310\lib\site-packages\selenium\webdriver\remote\errorhandler.py", line 245, in check_response
    raise exception_class(message, screen, stacktrace)
selenium.common.exceptions.NoSuchElementException: Message: no such element: Unable to locate element: {"method":"xpath","selector":"//*[@id="main-wrap"]/div[4]/div[1]/div[1]/ul/li[1]/a"}
  (Session info: headless chrome=113.0.5672.127)
Stacktrace:
Backtrace:
	GetHandleVerifier [0x00EDDCE3+50899]
	(No symbol) [0x00E6E111]
	(No symbol) [0x00D75588]
	(No symbol) [0x00DA08F9]
	(No symbol) [0x00DA0AFB]
	(No symbol) [0x00DCF902]
	(No symbol) [0x00DBB944]
	(No symbol) [0x00DCE01C]
	(No symbol) [0x00DBB6F6]
	(No symbol) [0x00D97708]
	(No symbol) [0x00D9886D]
	GetHandleVerifier [0x01143EAE+2566302]
	GetHandleVerifier [0x011792B1+2784417]
	GetHandleVerifier [0x0117327C+2759788]
	GetHandleVerifier [0x00F75740+672048]
	(No symbol) [0x00E78872]
	(No symbol) [0x00E741C8]
	(No symbol) [0x00E742AB]
	(No symbol) [0x00E671B7]
	BaseThreadInitThunk [0x755A00C9+25]
	RtlGetAppContainerNamedObjectPath [0x77237B4E+286]
	RtlGetAppContainerNamedObjectPath [0x77237B1E+238]


2023-05-26 00:40:35,068 - ERROR - Message: no such element: Unable to locate element: {"method":"xpath","selector":"//*[@id="main-wrap"]/div[4]/div[1]/div[1]/ul/li[1]/a"}
  (Session info: headless chrome=113.0.5672.127)
Stacktrace:
Backtrace:
	GetHandleVerifier [0x00EDDCE3+50899]
	(No symbol) [0x00E6E111]
	(No symbol) [0x00D75588]
	(No symbol) [0x00DA08F9]
	(No symbol) [0x00DA0AFB]
	(No symbol) [0x00DCF902]
	(No symbol) [0x00DBB944]
	(No symbol) [0x00DCE01C]
	(No symbol) [0x00DBB6F6]
	(No symbol) [0x00D97708]
	(No symbol) [0x00D9886D]
	GetHandleVerifier [0x01143EAE+2566302]
	GetHandleVerifier [0x011792B1+2784417]
	GetHandleVerifier [0x0117327C+2759788]
	GetHandleVerifier [0x00F75740+672048]
	(No symbol) [0x00E78872]
	(No symbol) [0x00E741C8]
	(No symbol) [0x00E742AB]
	(No symbol) [0x00E671B7]
	BaseThreadInitThunk [0x755A00C9+25]
	RtlGetAppContainerNamedObjectPath [0x77237B4E+286]
	RtlGetAppContainerNamedObjectPath [0x77237B1E+238]

2023-05-26 00:40:35,070 - ERROR - Traceback (most recent call last):
  File "C:\monitoring\monitoring.py", line 102, in ann_alarm
    driver.find_element(By.XPATH, '//*[@id="main-wrap"]/div[4]/div[1]/div[1]/ul/li[1]/a').click()
  File "C:\Users\csw\AppData\Local\Programs\Python\Python310\lib\site-packages\selenium\webdriver\remote\webdriver.py", line 831, in find_element
    return self.execute(Command.FIND_ELEMENT, {"using": by, "value": value})["value"]
  File "C:\Users\csw\AppData\Local\Programs\Python\Python310\lib\site-packages\selenium\webdriver\remote\webdriver.py", line 440, in execute
    self.error_handler.check_response(response)
  File "C:\Users\csw\AppData\Local\Programs\Python\Python310\lib\site-packages\selenium\webdriver\remote\errorhandler.py", line 245, in check_response
    raise exception_class(message, screen, stacktrace)
selenium.common.exceptions.NoSuchElementException: Message: no such element: Unable to locate element: {"method":"xpath","selector":"//*[@id="main-wrap"]/div[4]/div[1]/div[1]/ul/li[1]/a"}
  (Session info: headless chrome=113.0.5672.127)
Stacktrace:
Backtrace:
	GetHandleVerifier [0x00EDDCE3+50899]
	(No symbol) [0x00E6E111]
	(No symbol) [0x00D75588]
	(No symbol) [0x00DA08F9]
	(No symbol) [0x00DA0AFB]
	(No symbol) [0x00DCF902]
	(No symbol) [0x00DBB944]
	(No symbol) [0x00DCE01C]
	(No symbol) [0x00DBB6F6]
	(No symbol) [0x00D97708]
	(No symbol) [0x00D9886D]
	GetHandleVerifier [0x01143EAE+2566302]
	GetHandleVerifier [0x011792B1+2784417]
	GetHandleVerifier [0x0117327C+2759788]
	GetHandleVerifier [0x00F75740+672048]
	(No symbol) [0x00E78872]
	(No symbol) [0x00E741C8]
	(No symbol) [0x00E742AB]
	(No symbol) [0x00E671B7]
	BaseThreadInitThunk [0x755A00C9+25]
	RtlGetAppContainerNamedObjectPath [0x77237B4E+286]
	RtlGetAppContainerNamedObjectPath [0x77237B1E+238]


2023-05-26 00:45:34,728 - ERROR - Message: no such element: Unable to locate element: {"method":"xpath","selector":"//*[@id="main-wrap"]/div[4]/div[1]/div[1]/ul/li[1]/a"}
  (Session info: headless chrome=113.0.5672.127)
Stacktrace:
Backtrace:
	GetHandleVerifier [0x00EDDCE3+50899]
	(No symbol) [0x00E6E111]
	(No symbol) [0x00D75588]
	(No symbol) [0x00DA08F9]
	(No symbol) [0x00DA0AFB]
	(No symbol) [0x00DCF902]
	(No symbol) [0x00DBB944]
	(No symbol) [0x00DCE01C]
	(No symbol) [0x00DBB6F6]
	(No symbol) [0x00D97708]
	(No symbol) [0x00D9886D]
	GetHandleVerifier [0x01143EAE+2566302]
	GetHandleVerifier [0x011792B1+2784417]
	GetHandleVerifier [0x0117327C+2759788]
	GetHandleVerifier [0x00F75740+672048]
	(No symbol) [0x00E78872]
	(No symbol) [0x00E741C8]
	(No symbol) [0x00E742AB]
	(No symbol) [0x00E671B7]
	BaseThreadInitThunk [0x755A00C9+25]
	RtlGetAppContainerNamedObjectPath [0x77237B4E+286]
	RtlGetAppContainerNamedObjectPath [0x77237B1E+238]

2023-05-26 00:45:34,731 - ERROR - Traceback (most recent call last):
  File "C:\monitoring\monitoring.py", line 102, in ann_alarm
    driver.find_element(By.XPATH, '//*[@id="main-wrap"]/div[4]/div[1]/div[1]/ul/li[1]/a').click()
  File "C:\Users\csw\AppData\Local\Programs\Python\Python310\lib\site-packages\selenium\webdriver\remote\webdriver.py", line 831, in find_element
    return self.execute(Command.FIND_ELEMENT, {"using": by, "value": value})["value"]
  File "C:\Users\csw\AppData\Local\Programs\Python\Python310\lib\site-packages\selenium\webdriver\remote\webdriver.py", line 440, in execute
    self.error_handler.check_response(response)
  File "C:\Users\csw\AppData\Local\Programs\Python\Python310\lib\site-packages\selenium\webdriver\remote\errorhandler.py", line 245, in check_response
    raise exception_class(message, screen, stacktrace)
selenium.common.exceptions.NoSuchElementException: Message: no such element: Unable to locate element: {"method":"xpath","selector":"//*[@id="main-wrap"]/div[4]/div[1]/div[1]/ul/li[1]/a"}
  (Session info: headless chrome=113.0.5672.127)
Stacktrace:
Backtrace:
	GetHandleVerifier [0x00EDDCE3+50899]
	(No symbol) [0x00E6E111]
	(No symbol) [0x00D75588]
	(No symbol) [0x00DA08F9]
	(No symbol) [0x00DA0AFB]
	(No symbol) [0x00DCF902]
	(No symbol) [0x00DBB944]
	(No symbol) [0x00DCE01C]
	(No symbol) [0x00DBB6F6]
	(No symbol) [0x00D97708]
	(No symbol) [0x00D9886D]
	GetHandleVerifier [0x01143EAE+2566302]
	GetHandleVerifier [0x011792B1+2784417]
	GetHandleVerifier [0x0117327C+2759788]
	GetHandleVerifier [0x00F75740+672048]
	(No symbol) [0x00E78872]
	(No symbol) [0x00E741C8]
	(No symbol) [0x00E742AB]
	(No symbol) [0x00E671B7]
	BaseThreadInitThunk [0x755A00C9+25]
	RtlGetAppContainerNamedObjectPath [0x77237B4E+286]
	RtlGetAppContainerNamedObjectPath [0x77237B1E+238]


2023-05-26 00:50:35,180 - ERROR - Message: no such element: Unable to locate element: {"method":"xpath","selector":"//*[@id="main-wrap"]/div[4]/div[1]/div[1]/ul/li[1]/a"}
  (Session info: headless chrome=113.0.5672.127)
Stacktrace:
Backtrace:
	GetHandleVerifier [0x00EDDCE3+50899]
	(No symbol) [0x00E6E111]
	(No symbol) [0x00D75588]
	(No symbol) [0x00DA08F9]
	(No symbol) [0x00DA0AFB]
	(No symbol) [0x00DCF902]
	(No symbol) [0x00DBB944]
	(No symbol) [0x00DCE01C]
	(No symbol) [0x00DBB6F6]
	(No symbol) [0x00D97708]
	(No symbol) [0x00D9886D]
	GetHandleVerifier [0x01143EAE+2566302]
	GetHandleVerifier [0x011792B1+2784417]
	GetHandleVerifier [0x0117327C+2759788]
	GetHandleVerifier [0x00F75740+672048]
	(No symbol) [0x00E78872]
	(No symbol) [0x00E741C8]
	(No symbol) [0x00E742AB]
	(No symbol) [0x00E671B7]
	BaseThreadInitThunk [0x755A00C9+25]
	RtlGetAppContainerNamedObjectPath [0x77237B4E+286]
	RtlGetAppContainerNamedObjectPath [0x77237B1E+238]

2023-05-26 00:50:35,182 - ERROR - Traceback (most recent call last):
  File "C:\monitoring\monitoring.py", line 102, in ann_alarm
    driver.find_element(By.XPATH, '//*[@id="main-wrap"]/div[4]/div[1]/div[1]/ul/li[1]/a').click()
  File "C:\Users\csw\AppData\Local\Programs\Python\Python310\lib\site-packages\selenium\webdriver\remote\webdriver.py", line 831, in find_element
    return self.execute(Command.FIND_ELEMENT, {"using": by, "value": value})["value"]
  File "C:\Users\csw\AppData\Local\Programs\Python\Python310\lib\site-packages\selenium\webdriver\remote\webdriver.py", line 440, in execute
    self.error_handler.check_response(response)
  File "C:\Users\csw\AppData\Local\Programs\Python\Python310\lib\site-packages\selenium\webdriver\remote\errorhandler.py", line 245, in check_response
    raise exception_class(message, screen, stacktrace)
selenium.common.exceptions.NoSuchElementException: Message: no such element: Unable to locate element: {"method":"xpath","selector":"//*[@id="main-wrap"]/div[4]/div[1]/div[1]/ul/li[1]/a"}
  (Session info: headless chrome=113.0.5672.127)
Stacktrace:
Backtrace:
	GetHandleVerifier [0x00EDDCE3+50899]
	(No symbol) [0x00E6E111]
	(No symbol) [0x00D75588]
	(No symbol) [0x00DA08F9]
	(No symbol) [0x00DA0AFB]
	(No symbol) [0x00DCF902]
	(No symbol) [0x00DBB944]
	(No symbol) [0x00DCE01C]
	(No symbol) [0x00DBB6F6]
	(No symbol) [0x00D97708]
	(No symbol) [0x00D9886D]
	GetHandleVerifier [0x01143EAE+2566302]
	GetHandleVerifier [0x011792B1+2784417]
	GetHandleVerifier [0x0117327C+2759788]
	GetHandleVerifier [0x00F75740+672048]
	(No symbol) [0x00E78872]
	(No symbol) [0x00E741C8]
	(No symbol) [0x00E742AB]
	(No symbol) [0x00E671B7]
	BaseThreadInitThunk [0x755A00C9+25]
	RtlGetAppContainerNamedObjectPath [0x77237B4E+286]
	RtlGetAppContainerNamedObjectPath [0x77237B1E+238]


2023-05-26 00:55:35,043 - ERROR - Message: no such element: Unable to locate element: {"method":"xpath","selector":"//*[@id="main-wrap"]/div[4]/div[1]/div[1]/ul/li[1]/a"}
  (Session info: headless chrome=113.0.5672.127)
Stacktrace:
Backtrace:
	GetHandleVerifier [0x00EDDCE3+50899]
	(No symbol) [0x00E6E111]
	(No symbol) [0x00D75588]
	(No symbol) [0x00DA08F9]
	(No symbol) [0x00DA0AFB]
	(No symbol) [0x00DCF902]
	(No symbol) [0x00DBB944]
	(No symbol) [0x00DCE01C]
	(No symbol) [0x00DBB6F6]
	(No symbol) [0x00D97708]
	(No symbol) [0x00D9886D]
	GetHandleVerifier [0x01143EAE+2566302]
	GetHandleVerifier [0x011792B1+2784417]
	GetHandleVerifier [0x0117327C+2759788]
	GetHandleVerifier [0x00F75740+672048]
	(No symbol) [0x00E78872]
	(No symbol) [0x00E741C8]
	(No symbol) [0x00E742AB]
	(No symbol) [0x00E671B7]
	BaseThreadInitThunk [0x755A00C9+25]
	RtlGetAppContainerNamedObjectPath [0x77237B4E+286]
	RtlGetAppContainerNamedObjectPath [0x77237B1E+238]

2023-05-26 00:55:35,045 - ERROR - Traceback (most recent call last):
  File "C:\monitoring\monitoring.py", line 102, in ann_alarm
    driver.find_element(By.XPATH, '//*[@id="main-wrap"]/div[4]/div[1]/div[1]/ul/li[1]/a').click()
  File "C:\Users\csw\AppData\Local\Programs\Python\Python310\lib\site-packages\selenium\webdriver\remote\webdriver.py", line 831, in find_element
    return self.execute(Command.FIND_ELEMENT, {"using": by, "value": value})["value"]
  File "C:\Users\csw\AppData\Local\Programs\Python\Python310\lib\site-packages\selenium\webdriver\remote\webdriver.py", line 440, in execute
    self.error_handler.check_response(response)
  File "C:\Users\csw\AppData\Local\Programs\Python\Python310\lib\site-packages\selenium\webdriver\remote\errorhandler.py", line 245, in check_response
    raise exception_class(message, screen, stacktrace)
selenium.common.exceptions.NoSuchElementException: Message: no such element: Unable to locate element: {"method":"xpath","selector":"//*[@id="main-wrap"]/div[4]/div[1]/div[1]/ul/li[1]/a"}
  (Session info: headless chrome=113.0.5672.127)
Stacktrace:
Backtrace:
	GetHandleVerifier [0x00EDDCE3+50899]
	(No symbol) [0x00E6E111]
	(No symbol) [0x00D75588]
	(No symbol) [0x00DA08F9]
	(No symbol) [0x00DA0AFB]
	(No symbol) [0x00DCF902]
	(No symbol) [0x00DBB944]
	(No symbol) [0x00DCE01C]
	(No symbol) [0x00DBB6F6]
	(No symbol) [0x00D97708]
	(No symbol) [0x00D9886D]
	GetHandleVerifier [0x01143EAE+2566302]
	GetHandleVerifier [0x011792B1+2784417]
	GetHandleVerifier [0x0117327C+2759788]
	GetHandleVerifier [0x00F75740+672048]
	(No symbol) [0x00E78872]
	(No symbol) [0x00E741C8]
	(No symbol) [0x00E742AB]
	(No symbol) [0x00E671B7]
	BaseThreadInitThunk [0x755A00C9+25]
	RtlGetAppContainerNamedObjectPath [0x77237B4E+286]
	RtlGetAppContainerNamedObjectPath [0x77237B1E+238]


2023-05-26 01:00:34,665 - ERROR - Message: no such element: Unable to locate element: {"method":"xpath","selector":"//*[@id="main-wrap"]/div[4]/div[1]/div[1]/ul/li[1]/a"}
  (Session info: headless chrome=113.0.5672.127)
Stacktrace:
Backtrace:
	GetHandleVerifier [0x00EDDCE3+50899]
	(No symbol) [0x00E6E111]
	(No symbol) [0x00D75588]
	(No symbol) [0x00DA08F9]
	(No symbol) [0x00DA0AFB]
	(No symbol) [0x00DCF902]
	(No symbol) [0x00DBB944]
	(No symbol) [0x00DCE01C]
	(No symbol) [0x00DBB6F6]
	(No symbol) [0x00D97708]
	(No symbol) [0x00D9886D]
	GetHandleVerifier [0x01143EAE+2566302]
	GetHandleVerifier [0x011792B1+2784417]
	GetHandleVerifier [0x0117327C+2759788]
	GetHandleVerifier [0x00F75740+672048]
	(No symbol) [0x00E78872]
	(No symbol) [0x00E741C8]
	(No symbol) [0x00E742AB]
	(No symbol) [0x00E671B7]
	BaseThreadInitThunk [0x755A00C9+25]
	RtlGetAppContainerNamedObjectPath [0x77237B4E+286]
	RtlGetAppContainerNamedObjectPath [0x77237B1E+238]

2023-05-26 01:00:34,667 - ERROR - Traceback (most recent call last):
  File "C:\monitoring\monitoring.py", line 102, in ann_alarm
    driver.find_element(By.XPATH, '//*[@id="main-wrap"]/div[4]/div[1]/div[1]/ul/li[1]/a').click()
  File "C:\Users\csw\AppData\Local\Programs\Python\Python310\lib\site-packages\selenium\webdriver\remote\webdriver.py", line 831, in find_element
    return self.execute(Command.FIND_ELEMENT, {"using": by, "value": value})["value"]
  File "C:\Users\csw\AppData\Local\Programs\Python\Python310\lib\site-packages\selenium\webdriver\remote\webdriver.py", line 440, in execute
    self.error_handler.check_response(response)
  File "C:\Users\csw\AppData\Local\Programs\Python\Python310\lib\site-packages\selenium\webdriver\remote\errorhandler.py", line 245, in check_response
    raise exception_class(message, screen, stacktrace)
selenium.common.exceptions.NoSuchElementException: Message: no such element: Unable to locate element: {"method":"xpath","selector":"//*[@id="main-wrap"]/div[4]/div[1]/div[1]/ul/li[1]/a"}
  (Session info: headless chrome=113.0.5672.127)
Stacktrace:
Backtrace:
	GetHandleVerifier [0x00EDDCE3+50899]
	(No symbol) [0x00E6E111]
	(No symbol) [0x00D75588]
	(No symbol) [0x00DA08F9]
	(No symbol) [0x00DA0AFB]
	(No symbol) [0x00DCF902]
	(No symbol) [0x00DBB944]
	(No symbol) [0x00DCE01C]
	(No symbol) [0x00DBB6F6]
	(No symbol) [0x00D97708]
	(No symbol) [0x00D9886D]
	GetHandleVerifier [0x01143EAE+2566302]
	GetHandleVerifier [0x011792B1+2784417]
	GetHandleVerifier [0x0117327C+2759788]
	GetHandleVerifier [0x00F75740+672048]
	(No symbol) [0x00E78872]
	(No symbol) [0x00E741C8]
	(No symbol) [0x00E742AB]
	(No symbol) [0x00E671B7]
	BaseThreadInitThunk [0x755A00C9+25]
	RtlGetAppContainerNamedObjectPath [0x77237B4E+286]
	RtlGetAppContainerNamedObjectPath [0x77237B1E+238]


2023-05-26 01:00:36,711 - INFO - [2023-05-26 01:00:02] 프로그램이 실행 중 입니다.
2023-05-26 01:05:35,046 - ERROR - Message: no such element: Unable to locate element: {"method":"xpath","selector":"//*[@id="main-wrap"]/div[4]/div[1]/div[1]/ul/li[1]/a"}
  (Session info: headless chrome=113.0.5672.127)
Stacktrace:
Backtrace:
	GetHandleVerifier [0x00EDDCE3+50899]
	(No symbol) [0x00E6E111]
	(No symbol) [0x00D75588]
	(No symbol) [0x00DA08F9]
	(No symbol) [0x00DA0AFB]
	(No symbol) [0x00DCF902]
	(No symbol) [0x00DBB944]
	(No symbol) [0x00DCE01C]
	(No symbol) [0x00DBB6F6]
	(No symbol) [0x00D97708]
	(No symbol) [0x00D9886D]
	GetHandleVerifier [0x01143EAE+2566302]
	GetHandleVerifier [0x011792B1+2784417]
	GetHandleVerifier [0x0117327C+2759788]
	GetHandleVerifier [0x00F75740+672048]
	(No symbol) [0x00E78872]
	(No symbol) [0x00E741C8]
	(No symbol) [0x00E742AB]
	(No symbol) [0x00E671B7]
	BaseThreadInitThunk [0x755A00C9+25]
	RtlGetAppContainerNamedObjectPath [0x77237B4E+286]
	RtlGetAppContainerNamedObjectPath [0x77237B1E+238]

2023-05-26 01:05:35,048 - ERROR - Traceback (most recent call last):
  File "C:\monitoring\monitoring.py", line 102, in ann_alarm
    driver.find_element(By.XPATH, '//*[@id="main-wrap"]/div[4]/div[1]/div[1]/ul/li[1]/a').click()
  File "C:\Users\csw\AppData\Local\Programs\Python\Python310\lib\site-packages\selenium\webdriver\remote\webdriver.py", line 831, in find_element
    return self.execute(Command.FIND_ELEMENT, {"using": by, "value": value})["value"]
  File "C:\Users\csw\AppData\Local\Programs\Python\Python310\lib\site-packages\selenium\webdriver\remote\webdriver.py", line 440, in execute
    self.error_handler.check_response(response)
  File "C:\Users\csw\AppData\Local\Programs\Python\Python310\lib\site-packages\selenium\webdriver\remote\errorhandler.py", line 245, in check_response
    raise exception_class(message, screen, stacktrace)
selenium.common.exceptions.NoSuchElementException: Message: no such element: Unable to locate element: {"method":"xpath","selector":"//*[@id="main-wrap"]/div[4]/div[1]/div[1]/ul/li[1]/a"}
  (Session info: headless chrome=113.0.5672.127)
Stacktrace:
Backtrace:
	GetHandleVerifier [0x00EDDCE3+50899]
	(No symbol) [0x00E6E111]
	(No symbol) [0x00D75588]
	(No symbol) [0x00DA08F9]
	(No symbol) [0x00DA0AFB]
	(No symbol) [0x00DCF902]
	(No symbol) [0x00DBB944]
	(No symbol) [0x00DCE01C]
	(No symbol) [0x00DBB6F6]
	(No symbol) [0x00D97708]
	(No symbol) [0x00D9886D]
	GetHandleVerifier [0x01143EAE+2566302]
	GetHandleVerifier [0x011792B1+2784417]
	GetHandleVerifier [0x0117327C+2759788]
	GetHandleVerifier [0x00F75740+672048]
	(No symbol) [0x00E78872]
	(No symbol) [0x00E741C8]
	(No symbol) [0x00E742AB]
	(No symbol) [0x00E671B7]
	BaseThreadInitThunk [0x755A00C9+25]
	RtlGetAppContainerNamedObjectPath [0x77237B4E+286]
	RtlGetAppContainerNamedObjectPath [0x77237B1E+238]


2023-05-26 01:10:35,075 - ERROR - Message: no such element: Unable to locate element: {"method":"xpath","selector":"//*[@id="main-wrap"]/div[4]/div[1]/div[1]/ul/li[1]/a"}
  (Session info: headless chrome=113.0.5672.127)
Stacktrace:
Backtrace:
	GetHandleVerifier [0x00EDDCE3+50899]
	(No symbol) [0x00E6E111]
	(No symbol) [0x00D75588]
	(No symbol) [0x00DA08F9]
	(No symbol) [0x00DA0AFB]
	(No symbol) [0x00DCF902]
	(No symbol) [0x00DBB944]
	(No symbol) [0x00DCE01C]
	(No symbol) [0x00DBB6F6]
	(No symbol) [0x00D97708]
	(No symbol) [0x00D9886D]
	GetHandleVerifier [0x01143EAE+2566302]
	GetHandleVerifier [0x011792B1+2784417]
	GetHandleVerifier [0x0117327C+2759788]
	GetHandleVerifier [0x00F75740+672048]
	(No symbol) [0x00E78872]
	(No symbol) [0x00E741C8]
	(No symbol) [0x00E742AB]
	(No symbol) [0x00E671B7]
	BaseThreadInitThunk [0x755A00C9+25]
	RtlGetAppContainerNamedObjectPath [0x77237B4E+286]
	RtlGetAppContainerNamedObjectPath [0x77237B1E+238]

2023-05-26 01:10:35,077 - ERROR - Traceback (most recent call last):
  File "C:\monitoring\monitoring.py", line 102, in ann_alarm
    driver.find_element(By.XPATH, '//*[@id="main-wrap"]/div[4]/div[1]/div[1]/ul/li[1]/a').click()
  File "C:\Users\csw\AppData\Local\Programs\Python\Python310\lib\site-packages\selenium\webdriver\remote\webdriver.py", line 831, in find_element
    return self.execute(Command.FIND_ELEMENT, {"using": by, "value": value})["value"]
  File "C:\Users\csw\AppData\Local\Programs\Python\Python310\lib\site-packages\selenium\webdriver\remote\webdriver.py", line 440, in execute
    self.error_handler.check_response(response)
  File "C:\Users\csw\AppData\Local\Programs\Python\Python310\lib\site-packages\selenium\webdriver\remote\errorhandler.py", line 245, in check_response
    raise exception_class(message, screen, stacktrace)
selenium.common.exceptions.NoSuchElementException: Message: no such element: Unable to locate element: {"method":"xpath","selector":"//*[@id="main-wrap"]/div[4]/div[1]/div[1]/ul/li[1]/a"}
  (Session info: headless chrome=113.0.5672.127)
Stacktrace:
Backtrace:
	GetHandleVerifier [0x00EDDCE3+50899]
	(No symbol) [0x00E6E111]
	(No symbol) [0x00D75588]
	(No symbol) [0x00DA08F9]
	(No symbol) [0x00DA0AFB]
	(No symbol) [0x00DCF902]
	(No symbol) [0x00DBB944]
	(No symbol) [0x00DCE01C]
	(No symbol) [0x00DBB6F6]
	(No symbol) [0x00D97708]
	(No symbol) [0x00D9886D]
	GetHandleVerifier [0x01143EAE+2566302]
	GetHandleVerifier [0x011792B1+2784417]
	GetHandleVerifier [0x0117327C+2759788]
	GetHandleVerifier [0x00F75740+672048]
	(No symbol) [0x00E78872]
	(No symbol) [0x00E741C8]
	(No symbol) [0x00E742AB]
	(No symbol) [0x00E671B7]
	BaseThreadInitThunk [0x755A00C9+25]
	RtlGetAppContainerNamedObjectPath [0x77237B4E+286]
	RtlGetAppContainerNamedObjectPath [0x77237B1E+238]


2023-05-26 01:15:34,755 - ERROR - Message: no such element: Unable to locate element: {"method":"xpath","selector":"//*[@id="main-wrap"]/div[4]/div[1]/div[1]/ul/li[1]/a"}
  (Session info: headless chrome=113.0.5672.127)
Stacktrace:
Backtrace:
	GetHandleVerifier [0x00EDDCE3+50899]
	(No symbol) [0x00E6E111]
	(No symbol) [0x00D75588]
	(No symbol) [0x00DA08F9]
	(No symbol) [0x00DA0AFB]
	(No symbol) [0x00DCF902]
	(No symbol) [0x00DBB944]
	(No symbol) [0x00DCE01C]
	(No symbol) [0x00DBB6F6]
	(No symbol) [0x00D97708]
	(No symbol) [0x00D9886D]
	GetHandleVerifier [0x01143EAE+2566302]
	GetHandleVerifier [0x011792B1+2784417]
	GetHandleVerifier [0x0117327C+2759788]
	GetHandleVerifier [0x00F75740+672048]
	(No symbol) [0x00E78872]
	(No symbol) [0x00E741C8]
	(No symbol) [0x00E742AB]
	(No symbol) [0x00E671B7]
	BaseThreadInitThunk [0x755A00C9+25]
	RtlGetAppContainerNamedObjectPath [0x77237B4E+286]
	RtlGetAppContainerNamedObjectPath [0x77237B1E+238]

2023-05-26 01:15:34,757 - ERROR - Traceback (most recent call last):
  File "C:\monitoring\monitoring.py", line 102, in ann_alarm
    driver.find_element(By.XPATH, '//*[@id="main-wrap"]/div[4]/div[1]/div[1]/ul/li[1]/a').click()
  File "C:\Users\csw\AppData\Local\Programs\Python\Python310\lib\site-packages\selenium\webdriver\remote\webdriver.py", line 831, in find_element
    return self.execute(Command.FIND_ELEMENT, {"using": by, "value": value})["value"]
  File "C:\Users\csw\AppData\Local\Programs\Python\Python310\lib\site-packages\selenium\webdriver\remote\webdriver.py", line 440, in execute
    self.error_handler.check_response(response)
  File "C:\Users\csw\AppData\Local\Programs\Python\Python310\lib\site-packages\selenium\webdriver\remote\errorhandler.py", line 245, in check_response
    raise exception_class(message, screen, stacktrace)
selenium.common.exceptions.NoSuchElementException: Message: no such element: Unable to locate element: {"method":"xpath","selector":"//*[@id="main-wrap"]/div[4]/div[1]/div[1]/ul/li[1]/a"}
  (Session info: headless chrome=113.0.5672.127)
Stacktrace:
Backtrace:
	GetHandleVerifier [0x00EDDCE3+50899]
	(No symbol) [0x00E6E111]
	(No symbol) [0x00D75588]
	(No symbol) [0x00DA08F9]
	(No symbol) [0x00DA0AFB]
	(No symbol) [0x00DCF902]
	(No symbol) [0x00DBB944]
	(No symbol) [0x00DCE01C]
	(No symbol) [0x00DBB6F6]
	(No symbol) [0x00D97708]
	(No symbol) [0x00D9886D]
	GetHandleVerifier [0x01143EAE+2566302]
	GetHandleVerifier [0x011792B1+2784417]
	GetHandleVerifier [0x0117327C+2759788]
	GetHandleVerifier [0x00F75740+672048]
	(No symbol) [0x00E78872]
	(No symbol) [0x00E741C8]
	(No symbol) [0x00E742AB]
	(No symbol) [0x00E671B7]
	BaseThreadInitThunk [0x755A00C9+25]
	RtlGetAppContainerNamedObjectPath [0x77237B4E+286]
	RtlGetAppContainerNamedObjectPath [0x77237B1E+238]


2023-05-26 01:20:34,961 - ERROR - Message: no such element: Unable to locate element: {"method":"xpath","selector":"//*[@id="main-wrap"]/div[4]/div[1]/div[1]/ul/li[1]/a"}
  (Session info: headless chrome=113.0.5672.127)
Stacktrace:
Backtrace:
	GetHandleVerifier [0x00EDDCE3+50899]
	(No symbol) [0x00E6E111]
	(No symbol) [0x00D75588]
	(No symbol) [0x00DA08F9]
	(No symbol) [0x00DA0AFB]
	(No symbol) [0x00DCF902]
	(No symbol) [0x00DBB944]
	(No symbol) [0x00DCE01C]
	(No symbol) [0x00DBB6F6]
	(No symbol) [0x00D97708]
	(No symbol) [0x00D9886D]
	GetHandleVerifier [0x01143EAE+2566302]
	GetHandleVerifier [0x011792B1+2784417]
	GetHandleVerifier [0x0117327C+2759788]
	GetHandleVerifier [0x00F75740+672048]
	(No symbol) [0x00E78872]
	(No symbol) [0x00E741C8]
	(No symbol) [0x00E742AB]
	(No symbol) [0x00E671B7]
	BaseThreadInitThunk [0x755A00C9+25]
	RtlGetAppContainerNamedObjectPath [0x77237B4E+286]
	RtlGetAppContainerNamedObjectPath [0x77237B1E+238]

2023-05-26 01:20:34,963 - ERROR - Traceback (most recent call last):
  File "C:\monitoring\monitoring.py", line 102, in ann_alarm
    driver.find_element(By.XPATH, '//*[@id="main-wrap"]/div[4]/div[1]/div[1]/ul/li[1]/a').click()
  File "C:\Users\csw\AppData\Local\Programs\Python\Python310\lib\site-packages\selenium\webdriver\remote\webdriver.py", line 831, in find_element
    return self.execute(Command.FIND_ELEMENT, {"using": by, "value": value})["value"]
  File "C:\Users\csw\AppData\Local\Programs\Python\Python310\lib\site-packages\selenium\webdriver\remote\webdriver.py", line 440, in execute
    self.error_handler.check_response(response)
  File "C:\Users\csw\AppData\Local\Programs\Python\Python310\lib\site-packages\selenium\webdriver\remote\errorhandler.py", line 245, in check_response
    raise exception_class(message, screen, stacktrace)
selenium.common.exceptions.NoSuchElementException: Message: no such element: Unable to locate element: {"method":"xpath","selector":"//*[@id="main-wrap"]/div[4]/div[1]/div[1]/ul/li[1]/a"}
  (Session info: headless chrome=113.0.5672.127)
Stacktrace:
Backtrace:
	GetHandleVerifier [0x00EDDCE3+50899]
	(No symbol) [0x00E6E111]
	(No symbol) [0x00D75588]
	(No symbol) [0x00DA08F9]
	(No symbol) [0x00DA0AFB]
	(No symbol) [0x00DCF902]
	(No symbol) [0x00DBB944]
	(No symbol) [0x00DCE01C]
	(No symbol) [0x00DBB6F6]
	(No symbol) [0x00D97708]
	(No symbol) [0x00D9886D]
	GetHandleVerifier [0x01143EAE+2566302]
	GetHandleVerifier [0x011792B1+2784417]
	GetHandleVerifier [0x0117327C+2759788]
	GetHandleVerifier [0x00F75740+672048]
	(No symbol) [0x00E78872]
	(No symbol) [0x00E741C8]
	(No symbol) [0x00E742AB]
	(No symbol) [0x00E671B7]
	BaseThreadInitThunk [0x755A00C9+25]
	RtlGetAppContainerNamedObjectPath [0x77237B4E+286]
	RtlGetAppContainerNamedObjectPath [0x77237B1E+238]


2023-05-26 01:25:35,165 - ERROR - Message: no such element: Unable to locate element: {"method":"xpath","selector":"//*[@id="main-wrap"]/div[4]/div[1]/div[1]/ul/li[1]/a"}
  (Session info: headless chrome=113.0.5672.127)
Stacktrace:
Backtrace:
	GetHandleVerifier [0x00EDDCE3+50899]
	(No symbol) [0x00E6E111]
	(No symbol) [0x00D75588]
	(No symbol) [0x00DA08F9]
	(No symbol) [0x00DA0AFB]
	(No symbol) [0x00DCF902]
	(No symbol) [0x00DBB944]
	(No symbol) [0x00DCE01C]
	(No symbol) [0x00DBB6F6]
	(No symbol) [0x00D97708]
	(No symbol) [0x00D9886D]
	GetHandleVerifier [0x01143EAE+2566302]
	GetHandleVerifier [0x011792B1+2784417]
	GetHandleVerifier [0x0117327C+2759788]
	GetHandleVerifier [0x00F75740+672048]
	(No symbol) [0x00E78872]
	(No symbol) [0x00E741C8]
	(No symbol) [0x00E742AB]
	(No symbol) [0x00E671B7]
	BaseThreadInitThunk [0x755A00C9+25]
	RtlGetAppContainerNamedObjectPath [0x77237B4E+286]
	RtlGetAppContainerNamedObjectPath [0x77237B1E+238]

2023-05-26 01:25:35,168 - ERROR - Traceback (most recent call last):
  File "C:\monitoring\monitoring.py", line 102, in ann_alarm
    driver.find_element(By.XPATH, '//*[@id="main-wrap"]/div[4]/div[1]/div[1]/ul/li[1]/a').click()
  File "C:\Users\csw\AppData\Local\Programs\Python\Python310\lib\site-packages\selenium\webdriver\remote\webdriver.py", line 831, in find_element
    return self.execute(Command.FIND_ELEMENT, {"using": by, "value": value})["value"]
  File "C:\Users\csw\AppData\Local\Programs\Python\Python310\lib\site-packages\selenium\webdriver\remote\webdriver.py", line 440, in execute
    self.error_handler.check_response(response)
  File "C:\Users\csw\AppData\Local\Programs\Python\Python310\lib\site-packages\selenium\webdriver\remote\errorhandler.py", line 245, in check_response
    raise exception_class(message, screen, stacktrace)
selenium.common.exceptions.NoSuchElementException: Message: no such element: Unable to locate element: {"method":"xpath","selector":"//*[@id="main-wrap"]/div[4]/div[1]/div[1]/ul/li[1]/a"}
  (Session info: headless chrome=113.0.5672.127)
Stacktrace:
Backtrace:
	GetHandleVerifier [0x00EDDCE3+50899]
	(No symbol) [0x00E6E111]
	(No symbol) [0x00D75588]
	(No symbol) [0x00DA08F9]
	(No symbol) [0x00DA0AFB]
	(No symbol) [0x00DCF902]
	(No symbol) [0x00DBB944]
	(No symbol) [0x00DCE01C]
	(No symbol) [0x00DBB6F6]
	(No symbol) [0x00D97708]
	(No symbol) [0x00D9886D]
	GetHandleVerifier [0x01143EAE+2566302]
	GetHandleVerifier [0x011792B1+2784417]
	GetHandleVerifier [0x0117327C+2759788]
	GetHandleVerifier [0x00F75740+672048]
	(No symbol) [0x00E78872]
	(No symbol) [0x00E741C8]
	(No symbol) [0x00E742AB]
	(No symbol) [0x00E671B7]
	BaseThreadInitThunk [0x755A00C9+25]
	RtlGetAppContainerNamedObjectPath [0x77237B4E+286]
	RtlGetAppContainerNamedObjectPath [0x77237B1E+238]


2023-05-26 01:30:34,907 - ERROR - Message: no such element: Unable to locate element: {"method":"xpath","selector":"//*[@id="main-wrap"]/div[4]/div[1]/div[1]/ul/li[1]/a"}
  (Session info: headless chrome=113.0.5672.127)
Stacktrace:
Backtrace:
	GetHandleVerifier [0x00EDDCE3+50899]
	(No symbol) [0x00E6E111]
	(No symbol) [0x00D75588]
	(No symbol) [0x00DA08F9]
	(No symbol) [0x00DA0AFB]
	(No symbol) [0x00DCF902]
	(No symbol) [0x00DBB944]
	(No symbol) [0x00DCE01C]
	(No symbol) [0x00DBB6F6]
	(No symbol) [0x00D97708]
	(No symbol) [0x00D9886D]
	GetHandleVerifier [0x01143EAE+2566302]
	GetHandleVerifier [0x011792B1+2784417]
	GetHandleVerifier [0x0117327C+2759788]
	GetHandleVerifier [0x00F75740+672048]
	(No symbol) [0x00E78872]
	(No symbol) [0x00E741C8]
	(No symbol) [0x00E742AB]
	(No symbol) [0x00E671B7]
	BaseThreadInitThunk [0x755A00C9+25]
	RtlGetAppContainerNamedObjectPath [0x77237B4E+286]
	RtlGetAppContainerNamedObjectPath [0x77237B1E+238]

2023-05-26 01:30:34,908 - ERROR - Traceback (most recent call last):
  File "C:\monitoring\monitoring.py", line 102, in ann_alarm
    driver.find_element(By.XPATH, '//*[@id="main-wrap"]/div[4]/div[1]/div[1]/ul/li[1]/a').click()
  File "C:\Users\csw\AppData\Local\Programs\Python\Python310\lib\site-packages\selenium\webdriver\remote\webdriver.py", line 831, in find_element
    return self.execute(Command.FIND_ELEMENT, {"using": by, "value": value})["value"]
  File "C:\Users\csw\AppData\Local\Programs\Python\Python310\lib\site-packages\selenium\webdriver\remote\webdriver.py", line 440, in execute
    self.error_handler.check_response(response)
  File "C:\Users\csw\AppData\Local\Programs\Python\Python310\lib\site-packages\selenium\webdriver\remote\errorhandler.py", line 245, in check_response
    raise exception_class(message, screen, stacktrace)
selenium.common.exceptions.NoSuchElementException: Message: no such element: Unable to locate element: {"method":"xpath","selector":"//*[@id="main-wrap"]/div[4]/div[1]/div[1]/ul/li[1]/a"}
  (Session info: headless chrome=113.0.5672.127)
Stacktrace:
Backtrace:
	GetHandleVerifier [0x00EDDCE3+50899]
	(No symbol) [0x00E6E111]
	(No symbol) [0x00D75588]
	(No symbol) [0x00DA08F9]
	(No symbol) [0x00DA0AFB]
	(No symbol) [0x00DCF902]
	(No symbol) [0x00DBB944]
	(No symbol) [0x00DCE01C]
	(No symbol) [0x00DBB6F6]
	(No symbol) [0x00D97708]
	(No symbol) [0x00D9886D]
	GetHandleVerifier [0x01143EAE+2566302]
	GetHandleVerifier [0x011792B1+2784417]
	GetHandleVerifier [0x0117327C+2759788]
	GetHandleVerifier [0x00F75740+672048]
	(No symbol) [0x00E78872]
	(No symbol) [0x00E741C8]
	(No symbol) [0x00E742AB]
	(No symbol) [0x00E671B7]
	BaseThreadInitThunk [0x755A00C9+25]
	RtlGetAppContainerNamedObjectPath [0x77237B4E+286]
	RtlGetAppContainerNamedObjectPath [0x77237B1E+238]


2023-05-26 01:35:35,094 - ERROR - Message: no such element: Unable to locate element: {"method":"xpath","selector":"//*[@id="main-wrap"]/div[4]/div[1]/div[1]/ul/li[1]/a"}
  (Session info: headless chrome=113.0.5672.127)
Stacktrace:
Backtrace:
	GetHandleVerifier [0x00EDDCE3+50899]
	(No symbol) [0x00E6E111]
	(No symbol) [0x00D75588]
	(No symbol) [0x00DA08F9]
	(No symbol) [0x00DA0AFB]
	(No symbol) [0x00DCF902]
	(No symbol) [0x00DBB944]
	(No symbol) [0x00DCE01C]
	(No symbol) [0x00DBB6F6]
	(No symbol) [0x00D97708]
	(No symbol) [0x00D9886D]
	GetHandleVerifier [0x01143EAE+2566302]
	GetHandleVerifier [0x011792B1+2784417]
	GetHandleVerifier [0x0117327C+2759788]
	GetHandleVerifier [0x00F75740+672048]
	(No symbol) [0x00E78872]
	(No symbol) [0x00E741C8]
	(No symbol) [0x00E742AB]
	(No symbol) [0x00E671B7]
	BaseThreadInitThunk [0x755A00C9+25]
	RtlGetAppContainerNamedObjectPath [0x77237B4E+286]
	RtlGetAppContainerNamedObjectPath [0x77237B1E+238]

2023-05-26 01:35:35,096 - ERROR - Traceback (most recent call last):
  File "C:\monitoring\monitoring.py", line 102, in ann_alarm
    driver.find_element(By.XPATH, '//*[@id="main-wrap"]/div[4]/div[1]/div[1]/ul/li[1]/a').click()
  File "C:\Users\csw\AppData\Local\Programs\Python\Python310\lib\site-packages\selenium\webdriver\remote\webdriver.py", line 831, in find_element
    return self.execute(Command.FIND_ELEMENT, {"using": by, "value": value})["value"]
  File "C:\Users\csw\AppData\Local\Programs\Python\Python310\lib\site-packages\selenium\webdriver\remote\webdriver.py", line 440, in execute
    self.error_handler.check_response(response)
  File "C:\Users\csw\AppData\Local\Programs\Python\Python310\lib\site-packages\selenium\webdriver\remote\errorhandler.py", line 245, in check_response
    raise exception_class(message, screen, stacktrace)
selenium.common.exceptions.NoSuchElementException: Message: no such element: Unable to locate element: {"method":"xpath","selector":"//*[@id="main-wrap"]/div[4]/div[1]/div[1]/ul/li[1]/a"}
  (Session info: headless chrome=113.0.5672.127)
Stacktrace:
Backtrace:
	GetHandleVerifier [0x00EDDCE3+50899]
	(No symbol) [0x00E6E111]
	(No symbol) [0x00D75588]
	(No symbol) [0x00DA08F9]
	(No symbol) [0x00DA0AFB]
	(No symbol) [0x00DCF902]
	(No symbol) [0x00DBB944]
	(No symbol) [0x00DCE01C]
	(No symbol) [0x00DBB6F6]
	(No symbol) [0x00D97708]
	(No symbol) [0x00D9886D]
	GetHandleVerifier [0x01143EAE+2566302]
	GetHandleVerifier [0x011792B1+2784417]
	GetHandleVerifier [0x0117327C+2759788]
	GetHandleVerifier [0x00F75740+672048]
	(No symbol) [0x00E78872]
	(No symbol) [0x00E741C8]
	(No symbol) [0x00E742AB]
	(No symbol) [0x00E671B7]
	BaseThreadInitThunk [0x755A00C9+25]
	RtlGetAppContainerNamedObjectPath [0x77237B4E+286]
	RtlGetAppContainerNamedObjectPath [0x77237B1E+238]


2023-05-26 01:40:35,084 - ERROR - Message: no such element: Unable to locate element: {"method":"xpath","selector":"//*[@id="main-wrap"]/div[4]/div[1]/div[1]/ul/li[1]/a"}
  (Session info: headless chrome=113.0.5672.127)
Stacktrace:
Backtrace:
	GetHandleVerifier [0x00EDDCE3+50899]
	(No symbol) [0x00E6E111]
	(No symbol) [0x00D75588]
	(No symbol) [0x00DA08F9]
	(No symbol) [0x00DA0AFB]
	(No symbol) [0x00DCF902]
	(No symbol) [0x00DBB944]
	(No symbol) [0x00DCE01C]
	(No symbol) [0x00DBB6F6]
	(No symbol) [0x00D97708]
	(No symbol) [0x00D9886D]
	GetHandleVerifier [0x01143EAE+2566302]
	GetHandleVerifier [0x011792B1+2784417]
	GetHandleVerifier [0x0117327C+2759788]
	GetHandleVerifier [0x00F75740+672048]
	(No symbol) [0x00E78872]
	(No symbol) [0x00E741C8]
	(No symbol) [0x00E742AB]
	(No symbol) [0x00E671B7]
	BaseThreadInitThunk [0x755A00C9+25]
	RtlGetAppContainerNamedObjectPath [0x77237B4E+286]
	RtlGetAppContainerNamedObjectPath [0x77237B1E+238]

2023-05-26 01:40:35,086 - ERROR - Traceback (most recent call last):
  File "C:\monitoring\monitoring.py", line 102, in ann_alarm
    driver.find_element(By.XPATH, '//*[@id="main-wrap"]/div[4]/div[1]/div[1]/ul/li[1]/a').click()
  File "C:\Users\csw\AppData\Local\Programs\Python\Python310\lib\site-packages\selenium\webdriver\remote\webdriver.py", line 831, in find_element
    return self.execute(Command.FIND_ELEMENT, {"using": by, "value": value})["value"]
  File "C:\Users\csw\AppData\Local\Programs\Python\Python310\lib\site-packages\selenium\webdriver\remote\webdriver.py", line 440, in execute
    self.error_handler.check_response(response)
  File "C:\Users\csw\AppData\Local\Programs\Python\Python310\lib\site-packages\selenium\webdriver\remote\errorhandler.py", line 245, in check_response
    raise exception_class(message, screen, stacktrace)
selenium.common.exceptions.NoSuchElementException: Message: no such element: Unable to locate element: {"method":"xpath","selector":"//*[@id="main-wrap"]/div[4]/div[1]/div[1]/ul/li[1]/a"}
  (Session info: headless chrome=113.0.5672.127)
Stacktrace:
Backtrace:
	GetHandleVerifier [0x00EDDCE3+50899]
	(No symbol) [0x00E6E111]
	(No symbol) [0x00D75588]
	(No symbol) [0x00DA08F9]
	(No symbol) [0x00DA0AFB]
	(No symbol) [0x00DCF902]
	(No symbol) [0x00DBB944]
	(No symbol) [0x00DCE01C]
	(No symbol) [0x00DBB6F6]
	(No symbol) [0x00D97708]
	(No symbol) [0x00D9886D]
	GetHandleVerifier [0x01143EAE+2566302]
	GetHandleVerifier [0x011792B1+2784417]
	GetHandleVerifier [0x0117327C+2759788]
	GetHandleVerifier [0x00F75740+672048]
	(No symbol) [0x00E78872]
	(No symbol) [0x00E741C8]
	(No symbol) [0x00E742AB]
	(No symbol) [0x00E671B7]
	BaseThreadInitThunk [0x755A00C9+25]
	RtlGetAppContainerNamedObjectPath [0x77237B4E+286]
	RtlGetAppContainerNamedObjectPath [0x77237B1E+238]


2023-05-26 01:45:34,668 - ERROR - Message: no such element: Unable to locate element: {"method":"xpath","selector":"//*[@id="main-wrap"]/div[4]/div[1]/div[1]/ul/li[1]/a"}
  (Session info: headless chrome=113.0.5672.127)
Stacktrace:
Backtrace:
	GetHandleVerifier [0x00EDDCE3+50899]
	(No symbol) [0x00E6E111]
	(No symbol) [0x00D75588]
	(No symbol) [0x00DA08F9]
	(No symbol) [0x00DA0AFB]
	(No symbol) [0x00DCF902]
	(No symbol) [0x00DBB944]
	(No symbol) [0x00DCE01C]
	(No symbol) [0x00DBB6F6]
	(No symbol) [0x00D97708]
	(No symbol) [0x00D9886D]
	GetHandleVerifier [0x01143EAE+2566302]
	GetHandleVerifier [0x011792B1+2784417]
	GetHandleVerifier [0x0117327C+2759788]
	GetHandleVerifier [0x00F75740+672048]
	(No symbol) [0x00E78872]
	(No symbol) [0x00E741C8]
	(No symbol) [0x00E742AB]
	(No symbol) [0x00E671B7]
	BaseThreadInitThunk [0x755A00C9+25]
	RtlGetAppContainerNamedObjectPath [0x77237B4E+286]
	RtlGetAppContainerNamedObjectPath [0x77237B1E+238]

2023-05-26 01:45:34,670 - ERROR - Traceback (most recent call last):
  File "C:\monitoring\monitoring.py", line 102, in ann_alarm
    driver.find_element(By.XPATH, '//*[@id="main-wrap"]/div[4]/div[1]/div[1]/ul/li[1]/a').click()
  File "C:\Users\csw\AppData\Local\Programs\Python\Python310\lib\site-packages\selenium\webdriver\remote\webdriver.py", line 831, in find_element
    return self.execute(Command.FIND_ELEMENT, {"using": by, "value": value})["value"]
  File "C:\Users\csw\AppData\Local\Programs\Python\Python310\lib\site-packages\selenium\webdriver\remote\webdriver.py", line 440, in execute
    self.error_handler.check_response(response)
  File "C:\Users\csw\AppData\Local\Programs\Python\Python310\lib\site-packages\selenium\webdriver\remote\errorhandler.py", line 245, in check_response
    raise exception_class(message, screen, stacktrace)
selenium.common.exceptions.NoSuchElementException: Message: no such element: Unable to locate element: {"method":"xpath","selector":"//*[@id="main-wrap"]/div[4]/div[1]/div[1]/ul/li[1]/a"}
  (Session info: headless chrome=113.0.5672.127)
Stacktrace:
Backtrace:
	GetHandleVerifier [0x00EDDCE3+50899]
	(No symbol) [0x00E6E111]
	(No symbol) [0x00D75588]
	(No symbol) [0x00DA08F9]
	(No symbol) [0x00DA0AFB]
	(No symbol) [0x00DCF902]
	(No symbol) [0x00DBB944]
	(No symbol) [0x00DCE01C]
	(No symbol) [0x00DBB6F6]
	(No symbol) [0x00D97708]
	(No symbol) [0x00D9886D]
	GetHandleVerifier [0x01143EAE+2566302]
	GetHandleVerifier [0x011792B1+2784417]
	GetHandleVerifier [0x0117327C+2759788]
	GetHandleVerifier [0x00F75740+672048]
	(No symbol) [0x00E78872]
	(No symbol) [0x00E741C8]
	(No symbol) [0x00E742AB]
	(No symbol) [0x00E671B7]
	BaseThreadInitThunk [0x755A00C9+25]
	RtlGetAppContainerNamedObjectPath [0x77237B4E+286]
	RtlGetAppContainerNamedObjectPath [0x77237B1E+238]


2023-05-26 01:50:35,187 - ERROR - Message: no such element: Unable to locate element: {"method":"xpath","selector":"//*[@id="main-wrap"]/div[4]/div[1]/div[1]/ul/li[1]/a"}
  (Session info: headless chrome=113.0.5672.127)
Stacktrace:
Backtrace:
	GetHandleVerifier [0x00EDDCE3+50899]
	(No symbol) [0x00E6E111]
	(No symbol) [0x00D75588]
	(No symbol) [0x00DA08F9]
	(No symbol) [0x00DA0AFB]
	(No symbol) [0x00DCF902]
	(No symbol) [0x00DBB944]
	(No symbol) [0x00DCE01C]
	(No symbol) [0x00DBB6F6]
	(No symbol) [0x00D97708]
	(No symbol) [0x00D9886D]
	GetHandleVerifier [0x01143EAE+2566302]
	GetHandleVerifier [0x011792B1+2784417]
	GetHandleVerifier [0x0117327C+2759788]
	GetHandleVerifier [0x00F75740+672048]
	(No symbol) [0x00E78872]
	(No symbol) [0x00E741C8]
	(No symbol) [0x00E742AB]
	(No symbol) [0x00E671B7]
	BaseThreadInitThunk [0x755A00C9+25]
	RtlGetAppContainerNamedObjectPath [0x77237B4E+286]
	RtlGetAppContainerNamedObjectPath [0x77237B1E+238]

2023-05-26 01:50:35,189 - ERROR - Traceback (most recent call last):
  File "C:\monitoring\monitoring.py", line 102, in ann_alarm
    driver.find_element(By.XPATH, '//*[@id="main-wrap"]/div[4]/div[1]/div[1]/ul/li[1]/a').click()
  File "C:\Users\csw\AppData\Local\Programs\Python\Python310\lib\site-packages\selenium\webdriver\remote\webdriver.py", line 831, in find_element
    return self.execute(Command.FIND_ELEMENT, {"using": by, "value": value})["value"]
  File "C:\Users\csw\AppData\Local\Programs\Python\Python310\lib\site-packages\selenium\webdriver\remote\webdriver.py", line 440, in execute
    self.error_handler.check_response(response)
  File "C:\Users\csw\AppData\Local\Programs\Python\Python310\lib\site-packages\selenium\webdriver\remote\errorhandler.py", line 245, in check_response
    raise exception_class(message, screen, stacktrace)
selenium.common.exceptions.NoSuchElementException: Message: no such element: Unable to locate element: {"method":"xpath","selector":"//*[@id="main-wrap"]/div[4]/div[1]/div[1]/ul/li[1]/a"}
  (Session info: headless chrome=113.0.5672.127)
Stacktrace:
Backtrace:
	GetHandleVerifier [0x00EDDCE3+50899]
	(No symbol) [0x00E6E111]
	(No symbol) [0x00D75588]
	(No symbol) [0x00DA08F9]
	(No symbol) [0x00DA0AFB]
	(No symbol) [0x00DCF902]
	(No symbol) [0x00DBB944]
	(No symbol) [0x00DCE01C]
	(No symbol) [0x00DBB6F6]
	(No symbol) [0x00D97708]
	(No symbol) [0x00D9886D]
	GetHandleVerifier [0x01143EAE+2566302]
	GetHandleVerifier [0x011792B1+2784417]
	GetHandleVerifier [0x0117327C+2759788]
	GetHandleVerifier [0x00F75740+672048]
	(No symbol) [0x00E78872]
	(No symbol) [0x00E741C8]
	(No symbol) [0x00E742AB]
	(No symbol) [0x00E671B7]
	BaseThreadInitThunk [0x755A00C9+25]
	RtlGetAppContainerNamedObjectPath [0x77237B4E+286]
	RtlGetAppContainerNamedObjectPath [0x77237B1E+238]


2023-05-26 01:55:35,035 - ERROR - Message: no such element: Unable to locate element: {"method":"xpath","selector":"//*[@id="main-wrap"]/div[4]/div[1]/div[1]/ul/li[1]/a"}
  (Session info: headless chrome=113.0.5672.127)
Stacktrace:
Backtrace:
	GetHandleVerifier [0x00EDDCE3+50899]
	(No symbol) [0x00E6E111]
	(No symbol) [0x00D75588]
	(No symbol) [0x00DA08F9]
	(No symbol) [0x00DA0AFB]
	(No symbol) [0x00DCF902]
	(No symbol) [0x00DBB944]
	(No symbol) [0x00DCE01C]
	(No symbol) [0x00DBB6F6]
	(No symbol) [0x00D97708]
	(No symbol) [0x00D9886D]
	GetHandleVerifier [0x01143EAE+2566302]
	GetHandleVerifier [0x011792B1+2784417]
	GetHandleVerifier [0x0117327C+2759788]
	GetHandleVerifier [0x00F75740+672048]
	(No symbol) [0x00E78872]
	(No symbol) [0x00E741C8]
	(No symbol) [0x00E742AB]
	(No symbol) [0x00E671B7]
	BaseThreadInitThunk [0x755A00C9+25]
	RtlGetAppContainerNamedObjectPath [0x77237B4E+286]
	RtlGetAppContainerNamedObjectPath [0x77237B1E+238]

2023-05-26 01:55:35,037 - ERROR - Traceback (most recent call last):
  File "C:\monitoring\monitoring.py", line 102, in ann_alarm
    driver.find_element(By.XPATH, '//*[@id="main-wrap"]/div[4]/div[1]/div[1]/ul/li[1]/a').click()
  File "C:\Users\csw\AppData\Local\Programs\Python\Python310\lib\site-packages\selenium\webdriver\remote\webdriver.py", line 831, in find_element
    return self.execute(Command.FIND_ELEMENT, {"using": by, "value": value})["value"]
  File "C:\Users\csw\AppData\Local\Programs\Python\Python310\lib\site-packages\selenium\webdriver\remote\webdriver.py", line 440, in execute
    self.error_handler.check_response(response)
  File "C:\Users\csw\AppData\Local\Programs\Python\Python310\lib\site-packages\selenium\webdriver\remote\errorhandler.py", line 245, in check_response
    raise exception_class(message, screen, stacktrace)
selenium.common.exceptions.NoSuchElementException: Message: no such element: Unable to locate element: {"method":"xpath","selector":"//*[@id="main-wrap"]/div[4]/div[1]/div[1]/ul/li[1]/a"}
  (Session info: headless chrome=113.0.5672.127)
Stacktrace:
Backtrace:
	GetHandleVerifier [0x00EDDCE3+50899]
	(No symbol) [0x00E6E111]
	(No symbol) [0x00D75588]
	(No symbol) [0x00DA08F9]
	(No symbol) [0x00DA0AFB]
	(No symbol) [0x00DCF902]
	(No symbol) [0x00DBB944]
	(No symbol) [0x00DCE01C]
	(No symbol) [0x00DBB6F6]
	(No symbol) [0x00D97708]
	(No symbol) [0x00D9886D]
	GetHandleVerifier [0x01143EAE+2566302]
	GetHandleVerifier [0x011792B1+2784417]
	GetHandleVerifier [0x0117327C+2759788]
	GetHandleVerifier [0x00F75740+672048]
	(No symbol) [0x00E78872]
	(No symbol) [0x00E741C8]
	(No symbol) [0x00E742AB]
	(No symbol) [0x00E671B7]
	BaseThreadInitThunk [0x755A00C9+25]
	RtlGetAppContainerNamedObjectPath [0x77237B4E+286]
	RtlGetAppContainerNamedObjectPath [0x77237B1E+238]


2023-05-26 02:00:34,644 - ERROR - Message: no such element: Unable to locate element: {"method":"xpath","selector":"//*[@id="main-wrap"]/div[4]/div[1]/div[1]/ul/li[1]/a"}
  (Session info: headless chrome=113.0.5672.127)
Stacktrace:
Backtrace:
	GetHandleVerifier [0x00EDDCE3+50899]
	(No symbol) [0x00E6E111]
	(No symbol) [0x00D75588]
	(No symbol) [0x00DA08F9]
	(No symbol) [0x00DA0AFB]
	(No symbol) [0x00DCF902]
	(No symbol) [0x00DBB944]
	(No symbol) [0x00DCE01C]
	(No symbol) [0x00DBB6F6]
	(No symbol) [0x00D97708]
	(No symbol) [0x00D9886D]
	GetHandleVerifier [0x01143EAE+2566302]
	GetHandleVerifier [0x011792B1+2784417]
	GetHandleVerifier [0x0117327C+2759788]
	GetHandleVerifier [0x00F75740+672048]
	(No symbol) [0x00E78872]
	(No symbol) [0x00E741C8]
	(No symbol) [0x00E742AB]
	(No symbol) [0x00E671B7]
	BaseThreadInitThunk [0x755A00C9+25]
	RtlGetAppContainerNamedObjectPath [0x77237B4E+286]
	RtlGetAppContainerNamedObjectPath [0x77237B1E+238]

2023-05-26 02:00:34,646 - ERROR - Traceback (most recent call last):
  File "C:\monitoring\monitoring.py", line 102, in ann_alarm
    driver.find_element(By.XPATH, '//*[@id="main-wrap"]/div[4]/div[1]/div[1]/ul/li[1]/a').click()
  File "C:\Users\csw\AppData\Local\Programs\Python\Python310\lib\site-packages\selenium\webdriver\remote\webdriver.py", line 831, in find_element
    return self.execute(Command.FIND_ELEMENT, {"using": by, "value": value})["value"]
  File "C:\Users\csw\AppData\Local\Programs\Python\Python310\lib\site-packages\selenium\webdriver\remote\webdriver.py", line 440, in execute
    self.error_handler.check_response(response)
  File "C:\Users\csw\AppData\Local\Programs\Python\Python310\lib\site-packages\selenium\webdriver\remote\errorhandler.py", line 245, in check_response
    raise exception_class(message, screen, stacktrace)
selenium.common.exceptions.NoSuchElementException: Message: no such element: Unable to locate element: {"method":"xpath","selector":"//*[@id="main-wrap"]/div[4]/div[1]/div[1]/ul/li[1]/a"}
  (Session info: headless chrome=113.0.5672.127)
Stacktrace:
Backtrace:
	GetHandleVerifier [0x00EDDCE3+50899]
	(No symbol) [0x00E6E111]
	(No symbol) [0x00D75588]
	(No symbol) [0x00DA08F9]
	(No symbol) [0x00DA0AFB]
	(No symbol) [0x00DCF902]
	(No symbol) [0x00DBB944]
	(No symbol) [0x00DCE01C]
	(No symbol) [0x00DBB6F6]
	(No symbol) [0x00D97708]
	(No symbol) [0x00D9886D]
	GetHandleVerifier [0x01143EAE+2566302]
	GetHandleVerifier [0x011792B1+2784417]
	GetHandleVerifier [0x0117327C+2759788]
	GetHandleVerifier [0x00F75740+672048]
	(No symbol) [0x00E78872]
	(No symbol) [0x00E741C8]
	(No symbol) [0x00E742AB]
	(No symbol) [0x00E671B7]
	BaseThreadInitThunk [0x755A00C9+25]
	RtlGetAppContainerNamedObjectPath [0x77237B4E+286]
	RtlGetAppContainerNamedObjectPath [0x77237B1E+238]


2023-05-26 02:00:36,682 - INFO - [2023-05-26 02:00:02] 프로그램이 실행 중 입니다.
2023-05-26 02:05:35,100 - ERROR - Message: no such element: Unable to locate element: {"method":"xpath","selector":"//*[@id="main-wrap"]/div[4]/div[1]/div[1]/ul/li[1]/a"}
  (Session info: headless chrome=113.0.5672.127)
Stacktrace:
Backtrace:
	GetHandleVerifier [0x00EDDCE3+50899]
	(No symbol) [0x00E6E111]
	(No symbol) [0x00D75588]
	(No symbol) [0x00DA08F9]
	(No symbol) [0x00DA0AFB]
	(No symbol) [0x00DCF902]
	(No symbol) [0x00DBB944]
	(No symbol) [0x00DCE01C]
	(No symbol) [0x00DBB6F6]
	(No symbol) [0x00D97708]
	(No symbol) [0x00D9886D]
	GetHandleVerifier [0x01143EAE+2566302]
	GetHandleVerifier [0x011792B1+2784417]
	GetHandleVerifier [0x0117327C+2759788]
	GetHandleVerifier [0x00F75740+672048]
	(No symbol) [0x00E78872]
	(No symbol) [0x00E741C8]
	(No symbol) [0x00E742AB]
	(No symbol) [0x00E671B7]
	BaseThreadInitThunk [0x755A00C9+25]
	RtlGetAppContainerNamedObjectPath [0x77237B4E+286]
	RtlGetAppContainerNamedObjectPath [0x77237B1E+238]

2023-05-26 02:05:35,102 - ERROR - Traceback (most recent call last):
  File "C:\monitoring\monitoring.py", line 102, in ann_alarm
    driver.find_element(By.XPATH, '//*[@id="main-wrap"]/div[4]/div[1]/div[1]/ul/li[1]/a').click()
  File "C:\Users\csw\AppData\Local\Programs\Python\Python310\lib\site-packages\selenium\webdriver\remote\webdriver.py", line 831, in find_element
    return self.execute(Command.FIND_ELEMENT, {"using": by, "value": value})["value"]
  File "C:\Users\csw\AppData\Local\Programs\Python\Python310\lib\site-packages\selenium\webdriver\remote\webdriver.py", line 440, in execute
    self.error_handler.check_response(response)
  File "C:\Users\csw\AppData\Local\Programs\Python\Python310\lib\site-packages\selenium\webdriver\remote\errorhandler.py", line 245, in check_response
    raise exception_class(message, screen, stacktrace)
selenium.common.exceptions.NoSuchElementException: Message: no such element: Unable to locate element: {"method":"xpath","selector":"//*[@id="main-wrap"]/div[4]/div[1]/div[1]/ul/li[1]/a"}
  (Session info: headless chrome=113.0.5672.127)
Stacktrace:
Backtrace:
	GetHandleVerifier [0x00EDDCE3+50899]
	(No symbol) [0x00E6E111]
	(No symbol) [0x00D75588]
	(No symbol) [0x00DA08F9]
	(No symbol) [0x00DA0AFB]
	(No symbol) [0x00DCF902]
	(No symbol) [0x00DBB944]
	(No symbol) [0x00DCE01C]
	(No symbol) [0x00DBB6F6]
	(No symbol) [0x00D97708]
	(No symbol) [0x00D9886D]
	GetHandleVerifier [0x01143EAE+2566302]
	GetHandleVerifier [0x011792B1+2784417]
	GetHandleVerifier [0x0117327C+2759788]
	GetHandleVerifier [0x00F75740+672048]
	(No symbol) [0x00E78872]
	(No symbol) [0x00E741C8]
	(No symbol) [0x00E742AB]
	(No symbol) [0x00E671B7]
	BaseThreadInitThunk [0x755A00C9+25]
	RtlGetAppContainerNamedObjectPath [0x77237B4E+286]
	RtlGetAppContainerNamedObjectPath [0x77237B1E+238]


2023-05-26 02:10:35,064 - ERROR - Message: no such element: Unable to locate element: {"method":"xpath","selector":"//*[@id="main-wrap"]/div[4]/div[1]/div[1]/ul/li[1]/a"}
  (Session info: headless chrome=113.0.5672.127)
Stacktrace:
Backtrace:
	GetHandleVerifier [0x00EDDCE3+50899]
	(No symbol) [0x00E6E111]
	(No symbol) [0x00D75588]
	(No symbol) [0x00DA08F9]
	(No symbol) [0x00DA0AFB]
	(No symbol) [0x00DCF902]
	(No symbol) [0x00DBB944]
	(No symbol) [0x00DCE01C]
	(No symbol) [0x00DBB6F6]
	(No symbol) [0x00D97708]
	(No symbol) [0x00D9886D]
	GetHandleVerifier [0x01143EAE+2566302]
	GetHandleVerifier [0x011792B1+2784417]
	GetHandleVerifier [0x0117327C+2759788]
	GetHandleVerifier [0x00F75740+672048]
	(No symbol) [0x00E78872]
	(No symbol) [0x00E741C8]
	(No symbol) [0x00E742AB]
	(No symbol) [0x00E671B7]
	BaseThreadInitThunk [0x755A00C9+25]
	RtlGetAppContainerNamedObjectPath [0x77237B4E+286]
	RtlGetAppContainerNamedObjectPath [0x77237B1E+238]

2023-05-26 02:10:35,068 - ERROR - Traceback (most recent call last):
  File "C:\monitoring\monitoring.py", line 102, in ann_alarm
    driver.find_element(By.XPATH, '//*[@id="main-wrap"]/div[4]/div[1]/div[1]/ul/li[1]/a').click()
  File "C:\Users\csw\AppData\Local\Programs\Python\Python310\lib\site-packages\selenium\webdriver\remote\webdriver.py", line 831, in find_element
    return self.execute(Command.FIND_ELEMENT, {"using": by, "value": value})["value"]
  File "C:\Users\csw\AppData\Local\Programs\Python\Python310\lib\site-packages\selenium\webdriver\remote\webdriver.py", line 440, in execute
    self.error_handler.check_response(response)
  File "C:\Users\csw\AppData\Local\Programs\Python\Python310\lib\site-packages\selenium\webdriver\remote\errorhandler.py", line 245, in check_response
    raise exception_class(message, screen, stacktrace)
selenium.common.exceptions.NoSuchElementException: Message: no such element: Unable to locate element: {"method":"xpath","selector":"//*[@id="main-wrap"]/div[4]/div[1]/div[1]/ul/li[1]/a"}
  (Session info: headless chrome=113.0.5672.127)
Stacktrace:
Backtrace:
	GetHandleVerifier [0x00EDDCE3+50899]
	(No symbol) [0x00E6E111]
	(No symbol) [0x00D75588]
	(No symbol) [0x00DA08F9]
	(No symbol) [0x00DA0AFB]
	(No symbol) [0x00DCF902]
	(No symbol) [0x00DBB944]
	(No symbol) [0x00DCE01C]
	(No symbol) [0x00DBB6F6]
	(No symbol) [0x00D97708]
	(No symbol) [0x00D9886D]
	GetHandleVerifier [0x01143EAE+2566302]
	GetHandleVerifier [0x011792B1+2784417]
	GetHandleVerifier [0x0117327C+2759788]
	GetHandleVerifier [0x00F75740+672048]
	(No symbol) [0x00E78872]
	(No symbol) [0x00E741C8]
	(No symbol) [0x00E742AB]
	(No symbol) [0x00E671B7]
	BaseThreadInitThunk [0x755A00C9+25]
	RtlGetAppContainerNamedObjectPath [0x77237B4E+286]
	RtlGetAppContainerNamedObjectPath [0x77237B1E+238]


2023-05-26 02:15:34,673 - ERROR - Message: no such element: Unable to locate element: {"method":"xpath","selector":"//*[@id="main-wrap"]/div[4]/div[1]/div[1]/ul/li[1]/a"}
  (Session info: headless chrome=113.0.5672.127)
Stacktrace:
Backtrace:
	GetHandleVerifier [0x00EDDCE3+50899]
	(No symbol) [0x00E6E111]
	(No symbol) [0x00D75588]
	(No symbol) [0x00DA08F9]
	(No symbol) [0x00DA0AFB]
	(No symbol) [0x00DCF902]
	(No symbol) [0x00DBB944]
	(No symbol) [0x00DCE01C]
	(No symbol) [0x00DBB6F6]
	(No symbol) [0x00D97708]
	(No symbol) [0x00D9886D]
	GetHandleVerifier [0x01143EAE+2566302]
	GetHandleVerifier [0x011792B1+2784417]
	GetHandleVerifier [0x0117327C+2759788]
	GetHandleVerifier [0x00F75740+672048]
	(No symbol) [0x00E78872]
	(No symbol) [0x00E741C8]
	(No symbol) [0x00E742AB]
	(No symbol) [0x00E671B7]
	BaseThreadInitThunk [0x755A00C9+25]
	RtlGetAppContainerNamedObjectPath [0x77237B4E+286]
	RtlGetAppContainerNamedObjectPath [0x77237B1E+238]

2023-05-26 02:15:34,675 - ERROR - Traceback (most recent call last):
  File "C:\monitoring\monitoring.py", line 102, in ann_alarm
    driver.find_element(By.XPATH, '//*[@id="main-wrap"]/div[4]/div[1]/div[1]/ul/li[1]/a').click()
  File "C:\Users\csw\AppData\Local\Programs\Python\Python310\lib\site-packages\selenium\webdriver\remote\webdriver.py", line 831, in find_element
    return self.execute(Command.FIND_ELEMENT, {"using": by, "value": value})["value"]
  File "C:\Users\csw\AppData\Local\Programs\Python\Python310\lib\site-packages\selenium\webdriver\remote\webdriver.py", line 440, in execute
    self.error_handler.check_response(response)
  File "C:\Users\csw\AppData\Local\Programs\Python\Python310\lib\site-packages\selenium\webdriver\remote\errorhandler.py", line 245, in check_response
    raise exception_class(message, screen, stacktrace)
selenium.common.exceptions.NoSuchElementException: Message: no such element: Unable to locate element: {"method":"xpath","selector":"//*[@id="main-wrap"]/div[4]/div[1]/div[1]/ul/li[1]/a"}
  (Session info: headless chrome=113.0.5672.127)
Stacktrace:
Backtrace:
	GetHandleVerifier [0x00EDDCE3+50899]
	(No symbol) [0x00E6E111]
	(No symbol) [0x00D75588]
	(No symbol) [0x00DA08F9]
	(No symbol) [0x00DA0AFB]
	(No symbol) [0x00DCF902]
	(No symbol) [0x00DBB944]
	(No symbol) [0x00DCE01C]
	(No symbol) [0x00DBB6F6]
	(No symbol) [0x00D97708]
	(No symbol) [0x00D9886D]
	GetHandleVerifier [0x01143EAE+2566302]
	GetHandleVerifier [0x011792B1+2784417]
	GetHandleVerifier [0x0117327C+2759788]
	GetHandleVerifier [0x00F75740+672048]
	(No symbol) [0x00E78872]
	(No symbol) [0x00E741C8]
	(No symbol) [0x00E742AB]
	(No symbol) [0x00E671B7]
	BaseThreadInitThunk [0x755A00C9+25]
	RtlGetAppContainerNamedObjectPath [0x77237B4E+286]
	RtlGetAppContainerNamedObjectPath [0x77237B1E+238]


2023-05-26 02:20:35,068 - ERROR - Message: no such element: Unable to locate element: {"method":"xpath","selector":"//*[@id="main-wrap"]/div[4]/div[1]/div[1]/ul/li[1]/a"}
  (Session info: headless chrome=113.0.5672.127)
Stacktrace:
Backtrace:
	GetHandleVerifier [0x00EDDCE3+50899]
	(No symbol) [0x00E6E111]
	(No symbol) [0x00D75588]
	(No symbol) [0x00DA08F9]
	(No symbol) [0x00DA0AFB]
	(No symbol) [0x00DCF902]
	(No symbol) [0x00DBB944]
	(No symbol) [0x00DCE01C]
	(No symbol) [0x00DBB6F6]
	(No symbol) [0x00D97708]
	(No symbol) [0x00D9886D]
	GetHandleVerifier [0x01143EAE+2566302]
	GetHandleVerifier [0x011792B1+2784417]
	GetHandleVerifier [0x0117327C+2759788]
	GetHandleVerifier [0x00F75740+672048]
	(No symbol) [0x00E78872]
	(No symbol) [0x00E741C8]
	(No symbol) [0x00E742AB]
	(No symbol) [0x00E671B7]
	BaseThreadInitThunk [0x755A00C9+25]
	RtlGetAppContainerNamedObjectPath [0x77237B4E+286]
	RtlGetAppContainerNamedObjectPath [0x77237B1E+238]

2023-05-26 02:20:35,071 - ERROR - Traceback (most recent call last):
  File "C:\monitoring\monitoring.py", line 102, in ann_alarm
    driver.find_element(By.XPATH, '//*[@id="main-wrap"]/div[4]/div[1]/div[1]/ul/li[1]/a').click()
  File "C:\Users\csw\AppData\Local\Programs\Python\Python310\lib\site-packages\selenium\webdriver\remote\webdriver.py", line 831, in find_element
    return self.execute(Command.FIND_ELEMENT, {"using": by, "value": value})["value"]
  File "C:\Users\csw\AppData\Local\Programs\Python\Python310\lib\site-packages\selenium\webdriver\remote\webdriver.py", line 440, in execute
    self.error_handler.check_response(response)
  File "C:\Users\csw\AppData\Local\Programs\Python\Python310\lib\site-packages\selenium\webdriver\remote\errorhandler.py", line 245, in check_response
    raise exception_class(message, screen, stacktrace)
selenium.common.exceptions.NoSuchElementException: Message: no such element: Unable to locate element: {"method":"xpath","selector":"//*[@id="main-wrap"]/div[4]/div[1]/div[1]/ul/li[1]/a"}
  (Session info: headless chrome=113.0.5672.127)
Stacktrace:
Backtrace:
	GetHandleVerifier [0x00EDDCE3+50899]
	(No symbol) [0x00E6E111]
	(No symbol) [0x00D75588]
	(No symbol) [0x00DA08F9]
	(No symbol) [0x00DA0AFB]
	(No symbol) [0x00DCF902]
	(No symbol) [0x00DBB944]
	(No symbol) [0x00DCE01C]
	(No symbol) [0x00DBB6F6]
	(No symbol) [0x00D97708]
	(No symbol) [0x00D9886D]
	GetHandleVerifier [0x01143EAE+2566302]
	GetHandleVerifier [0x011792B1+2784417]
	GetHandleVerifier [0x0117327C+2759788]
	GetHandleVerifier [0x00F75740+672048]
	(No symbol) [0x00E78872]
	(No symbol) [0x00E741C8]
	(No symbol) [0x00E742AB]
	(No symbol) [0x00E671B7]
	BaseThreadInitThunk [0x755A00C9+25]
	RtlGetAppContainerNamedObjectPath [0x77237B4E+286]
	RtlGetAppContainerNamedObjectPath [0x77237B1E+238]


2023-05-26 03:00:13,149 - INFO - [2023-05-26 03:00:02] 프로그램이 실행 중 입니다.
2023-05-26 03:30:09,806 - ERROR - Message: unknown error: net::ERR_NAME_NOT_RESOLVED
  (Session info: headless chrome=113.0.5672.127)
Stacktrace:
Backtrace:
	GetHandleVerifier [0x00EDDCE3+50899]
	(No symbol) [0x00E6E111]
	(No symbol) [0x00D75588]
	(No symbol) [0x00D71D87]
	(No symbol) [0x00D68B45]
	(No symbol) [0x00D69B1A]
	(No symbol) [0x00D68E20]
	(No symbol) [0x00D68275]
	(No symbol) [0x00D6820C]
	(No symbol) [0x00D66F06]
	(No symbol) [0x00D67668]
	(No symbol) [0x00D76D22]
	(No symbol) [0x00DCE631]
	(No symbol) [0x00DBB8FC]
	(No symbol) [0x00DCE01C]
	(No symbol) [0x00DBB6F6]
	(No symbol) [0x00D97708]
	(No symbol) [0x00D9886D]
	GetHandleVerifier [0x01143EAE+2566302]
	GetHandleVerifier [0x011792B1+2784417]
	GetHandleVerifier [0x0117327C+2759788]
	GetHandleVerifier [0x00F75740+672048]
	(No symbol) [0x00E78872]
	(No symbol) [0x00E741C8]
	(No symbol) [0x00E742AB]
	(No symbol) [0x00E671B7]
	BaseThreadInitThunk [0x755A00C9+25]
	RtlGetAppContainerNamedObjectPath [0x77237B4E+286]
	RtlGetAppContainerNamedObjectPath [0x77237B1E+238]

2023-05-26 03:30:09,808 - ERROR - Traceback (most recent call last):
  File "C:\monitoring\monitoring.py", line 99, in ann_alarm
    driver.get(url)
  File "C:\Users\csw\AppData\Local\Programs\Python\Python310\lib\site-packages\selenium\webdriver\remote\webdriver.py", line 449, in get
    self.execute(Command.GET, {"url": url})
  File "C:\Users\csw\AppData\Local\Programs\Python\Python310\lib\site-packages\selenium\webdriver\remote\webdriver.py", line 440, in execute
    self.error_handler.check_response(response)
  File "C:\Users\csw\AppData\Local\Programs\Python\Python310\lib\site-packages\selenium\webdriver\remote\errorhandler.py", line 245, in check_response
    raise exception_class(message, screen, stacktrace)
selenium.common.exceptions.WebDriverException: Message: unknown error: net::ERR_NAME_NOT_RESOLVED
  (Session info: headless chrome=113.0.5672.127)
Stacktrace:
Backtrace:
	GetHandleVerifier [0x00EDDCE3+50899]
	(No symbol) [0x00E6E111]
	(No symbol) [0x00D75588]
	(No symbol) [0x00D71D87]
	(No symbol) [0x00D68B45]
	(No symbol) [0x00D69B1A]
	(No symbol) [0x00D68E20]
	(No symbol) [0x00D68275]
	(No symbol) [0x00D6820C]
	(No symbol) [0x00D66F06]
	(No symbol) [0x00D67668]
	(No symbol) [0x00D76D22]
	(No symbol) [0x00DCE631]
	(No symbol) [0x00DBB8FC]
	(No symbol) [0x00DCE01C]
	(No symbol) [0x00DBB6F6]
	(No symbol) [0x00D97708]
	(No symbol) [0x00D9886D]
	GetHandleVerifier [0x01143EAE+2566302]
	GetHandleVerifier [0x011792B1+2784417]
	GetHandleVerifier [0x0117327C+2759788]
	GetHandleVerifier [0x00F75740+672048]
	(No symbol) [0x00E78872]
	(No symbol) [0x00E741C8]
	(No symbol) [0x00E742AB]
	(No symbol) [0x00E671B7]
	BaseThreadInitThunk [0x755A00C9+25]
	RtlGetAppContainerNamedObjectPath [0x77237B4E+286]
	RtlGetAppContainerNamedObjectPath [0x77237B1E+238]


2023-05-26 04:00:13,119 - INFO - [2023-05-26 04:00:02] 프로그램이 실행 중 입니다.
2023-05-26 05:00:13,029 - INFO - [2023-05-26 05:00:02] 프로그램이 실행 중 입니다.
2023-05-26 06:00:13,088 - INFO - [2023-05-26 06:00:02] 프로그램이 실행 중 입니다.
2023-05-26 07:00:12,713 - INFO - [2023-05-26 07:00:02] 프로그램이 실행 중 입니다.
2023-05-26 08:00:13,197 - INFO - [2023-05-26 08:00:02] 프로그램이 실행 중 입니다.
2023-05-26 09:00:13,112 - INFO - [2023-05-26 09:00:02] 프로그램이 실행 중 입니다.
2023-05-26 10:00:13,372 - INFO - [2023-05-26 10:00:02] 프로그램이 실행 중 입니다.
2023-05-26 10:30:16,732 - INFO - 새 공지사항 알림 (title : [공지]  2023년 상반기 4대 사회보험 자동이체 경품행사 당첨자 발표)
2023-05-26 11:00:19,549 - INFO - [2023-05-26 11:00:07] 프로그램이 실행 중 입니다.
